-------------------------------------------------------------------------------
Test set: mflix.api.daos.TimeoutsTest
-------------------------------------------------------------------------------
Tests run: 2, Failures: 0, Errors: 2, Skipped: 0, Time elapsed: 4.53 s <<< FAILURE! - in mflix.api.daos.TimeoutsTest
testConfiguredConnectionTimeoutMs(mflix.api.daos.TimeoutsTest)  Time elapsed: 0.077 s  <<< ERROR!
java.lang.NullPointerException
	at mflix.api.daos.TimeoutsTest.testConfiguredConnectionTimeoutMs(TimeoutsTest.java:58)

testConfiguredWtimeout(mflix.api.daos.TimeoutsTest)  Time elapsed: 0.055 s  <<< ERROR!
java.lang.NullPointerException
	at mflix.api.daos.TimeoutsTest.testConfiguredWtimeout(TimeoutsTest.java:49)

