-------------------------------------------------------------------------------
Test set: mflix.lessons.UsingAggregationBuilders
-------------------------------------------------------------------------------
Tests run: 3, Failures: 1, Errors: 0, Skipped: 0, Time elapsed: 19.953 s <<< FAILURE! - in mflix.lessons.UsingAggregationBuilders
aggregateSeveralStages(mflix.lessons.UsingAggregationBuilders)  Time elapsed: 5.786 s  <<< FAILURE!
java.lang.AssertionError: expected:<[Document{{_id=Leonor Silveira, count=8}}, Document{{_id=Joaquim de Almeida, count=6}}, Document{{_id=Isabel Ruth, count=6}}, Document{{_id=Joèo Cèsar Monteiro, count=5}}, Document{{_id=Catherine Deneuve, count=5}}, Document{{_id=John Malkovich, count=5}}, Document{{_id=Maria de Medeiros, count=5}}, Document{{_id=Ricardo Trèpa, count=5}}, Document{{_id=Luès Miguel Cintra, count=4}}, Document{{_id=Diogo Dèria, count=4}}, Document{{_id=Ana Bustorff, count=4}}, Document{{_id=Michel Piccoli, count=3}}, Document{{_id=Rita Blanco, count=3}}, Document{{_id=Manuela de Freitas, count=3}}, Document{{_id=Beatriz Batarda, count=3}}, Document{{_id=Marcello Mastroianni, count=3}}, Document{{_id=Vanda Duarte, count=3}}, Document{{_id=Melvil Poupaud, count=3}}, Document{{_id=Leonor Baldaque, count=3}}, Document{{_id=Adriano Luz, count=3}}, Document{{_id=Karra Elejalde, count=3}}, Document{{_id=Nuno Lopes, count=2}}, Document{{_id=Miguel Gomes, count=2}}, Document{{_id=Soraia Chaves, count=2}}, Document{{_id=Daniel de Oliveira, count=2}}, Document{{_id=Louis Garrel, count=2}}, Document{{_id=Marisa Paredes, count=2}}, Document{{_id=Antoine Chappey, count=2}}, Document{{_id=Ventura, count=2}}, Document{{_id=Sergio Rubini, count=2}}, Document{{_id=Cleia Almeida, count=2}}, Document{{_id=Diogo Infante, count=2}}, Document{{_id=Joana Preiss, count=2}}, Document{{_id=Thogun, count=2}}, Document{{_id=Luis Tosar, count=2}}, Document{{_id=Ruy Furtado, count=2}}, Document{{_id=Gustavo Sumpta, count=2}}, Document{{_id=Verena Jasch, count=2}}, Document{{_id=Rogèrio Samora, count=2}}, Document{{_id=Rafael Morais, count=2}}, Document{{_id=Joana de Verona, count=2}}, Document{{_id=Isa Hochgerner, count=2}}, Document{{_id=Francisco Gaspar, count=2}}, Document{{_id=Pilar Lèpez de Ayala, count=2}}, Document{{_id=Adolfo Assor, count=2}}, Document{{_id=Canto e Castro, count=2}}, Document{{_id=Gabino Diego, count=2}}, Document{{_id=Teresa Madruga, count=2}}, Document{{_id=Thomas Baumann, count=2}}, Document{{_id=Joèo Pedro Rodrigues, count=1}}, Document{{_id=Saakanush Vanyan, count=1}}, Document{{_id=Cètia Afonso, count=1}}, Document{{_id=Joaquina Chicau, count=1}}, Document{{_id=Miguel Raposo, count=1}}, Document{{_id=Manuel Soares, count=1}}, Document{{_id=Alexandra Maria Lara, count=1}}, Document{{_id=Camanè, count=1}}, Document{{_id=Kimmo Pohjonen, count=1}}, Document{{_id=Raoul Ruiz, count=1}}, Document{{_id=Jean-Yves Gautier, count=1}}, Document{{_id=Tito Furtado, count=1}}, Document{{_id=Ruy de Carvalho, count=1}}, Document{{_id=Clèudia Teixeira, count=1}}, Document{{_id=Walter Kohut, count=1}}, Document{{_id=èric Caravaca, count=1}}, Document{{_id=Maria Joèo Bastos, count=1}}, Document{{_id=Ricardo Azevedo, count=1}}, Document{{_id=Ana Graciela, count=1}}, Document{{_id=Serge Nicolai, count=1}}, Document{{_id=Oliveira Lopes, count=1}}, Document{{_id=Nuno Porfèrio, count=1}}, Document{{_id=Serge Daney, count=1}}, Document{{_id=Elvira Mènguez, count=1}}, Document{{_id=Ricardo Pereira, count=1}}, Document{{_id=Cècile Sanz de Alba, count=1}}, Document{{_id=Beatriz Torcato, count=1}}, Document{{_id=Filipa de Almeida, count=1}}, Document{{_id=Diogo Morgado, count=1}}, Document{{_id=Ricardo Darèn, count=1}}, Document{{_id=Axel Neumann, count=1}}, Document{{_id=Lambert Wilson, count=1}}, Document{{_id=Edward Hogg, count=1}}, Document{{_id=Olivia Corsini, count=1}}, Document{{_id=Tony Ramos, count=1}}, Document{{_id=Guillermo Toledo, count=1}}, Document{{_id=Gonèalo Ferreira De Almeida, count=1}}, Document{{_id=Jonathan Genet, count=1}}, Document{{_id=Helmut Griem, count=1}}, Document{{_id=Bèatrice Dalle, count=1}}, Document{{_id=Elsa Zylberstein, count=1}}, Document{{_id=Marcelo Faria, count=1}}, Document{{_id=Clarisse Abujamra, count=1}}, Document{{_id=Jean-Franèois Balmer, count=1}}, Document{{_id=Rodrigo Perdigèo, count=1}}, Document{{_id=Amba Bihler, count=1}}, Document{{_id=Antènio Pedroso, count=1}}, Document{{_id=Manuel Gomes Miranda, count=1}}, Document{{_id=Marcos Caruso, count=1}}, Document{{_id=Bebe, count=1}}, Document{{_id=Afonso Pimentel, count=1}}, Document{{_id=Vincent Perez, count=1}}, Document{{_id=Mot Harris Dunlop Stothart, count=1}}, Document{{_id=Carlos do Carmo, count=1}}, Document{{_id=Jeremy Irons, count=1}}, Document{{_id=Derek Keurvorst, count=1}}, Document{{_id=èlodie Bouchez, count=1}}, Document{{_id=Fernando Alves Pinto, count=1}}, Document{{_id=Nuno Gil, count=1}}, Document{{_id=Marta Etura, count=1}}, Document{{_id=Alexandra Lencastre, count=1}}, Document{{_id=Skyler Day, count=1}}, Document{{_id=Eduard Fernèndez, count=1}}, Document{{_id=èngels Barcelè, count=1}}, Document{{_id=Francis Frappat, count=1}}, Document{{_id=Vitalina Varela, count=1}}, Document{{_id=Maurice Bènichou, count=1}}, Document{{_id=Paul Giamatti, count=1}}, Document{{_id=Isabelle Huppert, count=1}}, Document{{_id=Leonor Watling, count=1}}, Document{{_id=Nuno Casanovas, count=1}}, Document{{_id=Beatrice Brown, count=1}}, Document{{_id=Joana Azevedo, count=1}}, Document{{_id=Mariya Lipkina, count=1}}, Document{{_id=Melchior Derouet, count=1}}, Document{{_id=Jack Huston, count=1}}, Document{{_id=Francisco Mozos, count=1}}, Document{{_id=Guy Marchand, count=1}}, Document{{_id=Leos Carax, count=1}}, Document{{_id=Alicia Fehrmann, count=1}}, Document{{_id=Antènio Assunèèo, count=1}}, Document{{_id=Ana Padrèo, count=1}}, Document{{_id=Shaghayegh Beheshti, count=1}}, Document{{_id=Maria Flor, count=1}}, Document{{_id=Rui Gomes, count=1}}, Document{{_id=Frèdèric Pierrot, count=1}}, Document{{_id=Beatriz Duarte, count=1}}, Document{{_id=Pedro Hestnes, count=1}}, Document{{_id=Paulo Renato, count=1}}, Document{{_id=Donatello Brida, count=1}}, Document{{_id=Corey Large, count=1}}, Document{{_id=Charo Lèpez, count=1}}, Document{{_id=Raoul Bova, count=1}}, Document{{_id=Ivo Barroso, count=1}}, Document{{_id=Filippo Nigro, count=1}}, Document{{_id=Daniel Duval, count=1}}, Document{{_id=Pedro Laginha, count=1}}, Document{{_id=Bulle Ogier, count=1}}, Document{{_id=Kevin Durand, count=1}}, Document{{_id=Juan Josè Ballesta, count=1}}, Document{{_id=Fatima Ennaflaoui, count=1}}, Document{{_id=Lena Duarte, count=1}}, Document{{_id=Patrick Bauchau, count=1}}, Document{{_id=Lydie Barbara, count=1}}, Document{{_id=John Jesus Romèo, count=1}}, Document{{_id=Netinho Alves, count=1}}, Document{{_id=Emma de Caunes, count=1}}, Document{{_id=Robert Pattinson, count=1}}, Document{{_id=Arielle Dombasle, count=1}}, Document{{_id=Frank Baker, count=1}}, Document{{_id=Timo Kèmèrèinen, count=1}}, Document{{_id=Nuno Vaz, count=1}}, Document{{_id=Irène Jacob, count=1}}, Document{{_id=Manuel Manquièa, count=1}}, Document{{_id=Ana Moreira, count=1}}, Document{{_id=Cindy Scrash, count=1}}, Document{{_id=Silvia Munt, count=1}}, Document{{_id=Daniel Auteuil, count=1}}, Document{{_id=Harvey Keitel, count=1}}, Document{{_id=Isabelle Weingarten, count=1}}, Document{{_id=Clara Lago, count=1}}, Document{{_id=Nuno Markl, count=1}}, Document{{_id=Sami Kuoppamèki, count=1}}, Document{{_id=Francesca Prandi, count=1}}, Document{{_id=Maren Ade, count=1}}, Document{{_id=Joèo Cajuda, count=1}}, Document{{_id=Fernanda Torres, count=1}}, Document{{_id=Inès de Medeiros, count=1}}, Document{{_id=Nik Xhelilaj, count=1}}, Document{{_id=Antonio Santos, count=1}}, Document{{_id=Vasco Sequeira, count=1}}, Document{{_id=Brigitte Fossey, count=1}}, Document{{_id=Colm Feore, count=1}}, Document{{_id=Makena Diop, count=1}}, Document{{_id=Joèo Roldan, count=1}}, Document{{_id=Edith Scob, count=1}}, Document{{_id=Nuno Leonel, count=1}}, Document{{_id=Scott Bailey, count=1}}, Document{{_id=Josè Airosa, count=1}}, Document{{_id=Charles Berling, count=1}}, Document{{_id=Telmo Churro, count=1}}, Document{{_id=Amèrico Mota, count=1}}, Document{{_id=Massimo Girotti, count=1}}, Document{{_id=Jean-Pierre Rehm, count=1}}, Document{{_id=Stefania Goulioti, count=1}}, Document{{_id=Fèbio Oliveira, count=1}}, Document{{_id=Rebecca Gomperts, count=1}}, Document{{_id=Dmitriy Podnozov, count=1}}, Document{{_id=Raquel Ascensèo, count=1}}, Document{{_id=Daniele Liotti, count=1}}, Document{{_id=Saffron Burrows, count=1}}, Document{{_id=Emma Griffiths Malin, count=1}}, Document{{_id=Vèctor Valdivia, count=1}}, Document{{_id=Maitè Proenèa, count=1}}, Document{{_id=Richard Courcet, count=1}}, Document{{_id=Cian Barry, count=1}}, Document{{_id=Sabine Azèma, count=1}}, Document{{_id=Domingos Fernandes Fonseca, count=1}}, Document{{_id=Emmanuelle Bèart, count=1}}, Document{{_id=Rita Pereira Marques, count=1}}, Document{{_id=Pilar del Rèo, count=1}}, Document{{_id=Bruna Di Tullio, count=1}}, Document{{_id=Sophie Guillemin, count=1}}, Document{{_id=Argyris Xafis, count=1}}, Document{{_id=Dieter Laser, count=1}}, Document{{_id=Natasha Wightman, count=1}}, Document{{_id=Chico Buarque de Hollanda, count=1}}, Document{{_id=Jorge Silva Melo, count=1}}, Document{{_id=Hortèncèlio Aquina, count=1}}, Document{{_id=Anabela Moreira, count=1}}, Document{{_id=Florentina Dumitru, count=1}}, Document{{_id=Petronio Gontijo, count=1}}, Document{{_id=Erika Alexander, count=1}}, Document{{_id=Pedro Abrunhosa, count=1}}, Document{{_id=Armanda Bacelar, count=1}}, Document{{_id=Fernando Guillèn Cuervo, count=1}}, Document{{_id=Rebecca Pauly, count=1}}, Document{{_id=Thiago Justino, count=1}}, Document{{_id=Joana Santos, count=1}}, Document{{_id=Eurico Vieira, count=1}}, Document{{_id=Roschdy Zem, count=1}}, Document{{_id=Ana Cristina de Oliveira, count=1}}, Document{{_id=Antènio Pedro Cerdeira, count=1}}, Document{{_id=Giovanna Mezzogiorno, count=1}}, Document{{_id=Rebeca Close, count=1}}, Document{{_id=Michelle Mania, count=1}}, Document{{_id=Jaime Pereira, count=1}}, Document{{_id=Joaquim Carvalho, count=1}}, Document{{_id=Nuno Bernardo, count=1}}, Document{{_id=Isaach De Bankolè, count=1}}, Document{{_id=Fabienne Babe, count=1}}, Document{{_id=Crista Alfaiate, count=1}}, Document{{_id=Marèa Barranco, count=1}}, Document{{_id=Ricardo Meneses, count=1}}, Document{{_id=Juanjo Puigcorbè, count=1}}, Document{{_id=Israel Gouvea, count=1}}, Document{{_id=Roberio Lima, count=1}}, Document{{_id=Rita Klein, count=1}}, Document{{_id=Drica Moraes, count=1}}, Document{{_id=Johan Libèreau, count=1}}, Document{{_id=Andreas Wilson, count=1}}, Document{{_id=Stefano Dionisi, count=1}}, Document{{_id=Samuli Kosminen, count=1}}, Document{{_id=Pascal Greggory, count=1}}, Document{{_id=Stefano Accorsi, count=1}}, Document{{_id=Devon Anderson, count=1}}, Document{{_id=Chico Dèaz, count=1}}, Document{{_id=Miriam Dèaz-Aroca, count=1}}, Document{{_id=Manuela Couto, count=1}}, Document{{_id=Neuci de Souza, count=1}}, Document{{_id=Rui Morrison, count=1}}, Document{{_id=Valentinas Masalskis, count=1}}, Document{{_id=Catarina Wallenstein, count=1}}, Document{{_id=Lila Downs, count=1}}, Document{{_id=Oksana Chernych, count=1}}, Document{{_id=Amira Casar, count=1}}, Document{{_id=Andre Barbosa, count=1}}, Document{{_id=Clotilde Hesme, count=1}}, Document{{_id=Robert Kramer, count=1}}, Document{{_id=Ellen Page, count=1}}, Document{{_id=Chandra Malatitch, count=1}}, Document{{_id=Carloto Cotta, count=1}}, Document{{_id=Manoel de Oliveira, count=1}}, Document{{_id=Jèlia Botelho, count=1}}, Document{{_id=Diego Noguera, count=1}}, Document{{_id=Reginaldo Faria, count=1}}, Document{{_id=Julie Balloo, count=1}}, Document{{_id=Valeria Bruni Tedeschi, count=1}}, Document{{_id=Joaquim Pinto, count=1}}, Document{{_id=Tèmas Lemarquis, count=1}}, Document{{_id=Mèrcio Libar, count=1}}, Document{{_id=Rèdiger Vogler, count=1}}, Document{{_id=Christian Vadim, count=1}}, Document{{_id=Sara Carinhas, count=1}}, Document{{_id=Sebastian Laustsen, count=1}}, Document{{_id=Joèo Rui Guerra da Mata, count=1}}, Document{{_id=Chiara Mastroianni, count=1}}, Document{{_id=Micaela Cardoso, count=1}}, Document{{_id=èlex Brendemèhl, count=1}}, Document{{_id=Fernando Luès, count=1}}, Document{{_id=Katya Ladan, count=1}}, Document{{_id=Alberto San Juan, count=1}}, Document{{_id=Anna Galiena, count=1}}, Document{{_id=Ilias Stothart, count=1}}, Document{{_id=Alix Wilton Regan, count=1}}, Document{{_id=Joèo Carreira, count=1}}, Document{{_id=Marco D'Almeida, count=1}}, Document{{_id=Ieronymos Kaletsanos, count=1}}, Document{{_id=Sandra Adair, count=1}}, Document{{_id=Pedro Granger, count=1}}, Document{{_id=Jèlia Buisel, count=1}}, Document{{_id=èlvaro de Luna, count=1}}, Document{{_id=August Diehl, count=1}}, Document{{_id=Maria Conchita Alonso, count=1}}, Document{{_id=Luès Melo, count=1}}, Document{{_id=Martina Gedeck, count=1}}, Document{{_id=Richard Linklater, count=1}}, Document{{_id=Fernando Fernèn Gèmez, count=1}}, Document{{_id=Juan Diego Botto, count=1}}, Document{{_id=Miguel Guilherme, count=1}}, Document{{_id=Isabel Abreu, count=1}}, Document{{_id=Mèlanie Laurent, count=1}}, Document{{_id=Ed Stoppard, count=1}}, Document{{_id=James Benning, count=1}}, Document{{_id=Romain Duris, count=1}}, Document{{_id=Nathalia Galgani, count=1}}, Document{{_id=Vicky Peèa, count=1}}, Document{{_id=Jean Luis Amorim, count=1}}, Document{{_id=Alexandre Borges, count=1}}, Document{{_id=Giuliano Gemma, count=1}}, Document{{_id=Geoffrey Carey, count=1}}, Document{{_id=Jorge Trèpa, count=1}}, Document{{_id=Carmelo Gèmez, count=1}}, Document{{_id=Andrzej Seweryn, count=1}}, Document{{_id=Rosana Pastor, count=1}}, Document{{_id=Stepan Nercessian, count=1}}, Document{{_id=Federico Luppi, count=1}}, Document{{_id=Cristina Cèmara, count=1}}, Document{{_id=Teresa Calado, count=1}}, Document{{_id=Mercedes Sampietro, count=1}}, Document{{_id=Aleksandre Saulov, count=1}}, Document{{_id=Rita Durèo, count=1}}, Document{{_id=Sènia Bandeira, count=1}}, Document{{_id=Bruno Todeschini, count=1}}, Document{{_id=Joèo Marèal, count=1}}, Document{{_id=Joao Afonso, count=1}}, Document{{_id=Jeffrey Kime, count=1}}, Document{{_id=Andrès Waas, count=1}}, Document{{_id=Pancho Garcia Aguirre, count=1}}, Document{{_id=Sarah Gadon, count=1}}, Document{{_id=Juan Echanove, count=1}}, Document{{_id=Lise Biskup, count=1}}, Document{{_id=Lou Bihler, count=1}}, Document{{_id=Alban Ukaj, count=1}}, Document{{_id=Penèlope Cruz, count=1}}, Document{{_id=Zita Duarte, count=1}}, Document{{_id=Iciar Bollain, count=1}}, Document{{_id=Ivo Canelas, count=1}}]> but was:<[Document{{_id=Leonor Silveira, count=8}}, Document{{_id=Joaquim de Almeida, count=6}}, Document{{_id=Isabel Ruth, count=6}}, Document{{_id=Joèo Cèsar Monteiro, count=5}}, Document{{_id=Catherine Deneuve, count=5}}, Document{{_id=John Malkovich, count=5}}, Document{{_id=Maria de Medeiros, count=5}}, Document{{_id=Ricardo Trèpa, count=5}}, Document{{_id=Luès Miguel Cintra, count=4}}, Document{{_id=Diogo Dèria, count=4}}, Document{{_id=Ana Bustorff, count=4}}, Document{{_id=Michel Piccoli, count=3}}, Document{{_id=Rita Blanco, count=3}}, Document{{_id=Manuela de Freitas, count=3}}, Document{{_id=Beatriz Batarda, count=3}}, Document{{_id=Marcello Mastroianni, count=3}}, Document{{_id=Vanda Duarte, count=3}}, Document{{_id=Melvil Poupaud, count=3}}, Document{{_id=Leonor Baldaque, count=3}}, Document{{_id=Adriano Luz, count=3}}, Document{{_id=Karra Elejalde, count=3}}, Document{{_id=Nuno Lopes, count=2}}, Document{{_id=Miguel Gomes, count=2}}, Document{{_id=Soraia Chaves, count=2}}, Document{{_id=Daniel de Oliveira, count=2}}, Document{{_id=Louis Garrel, count=2}}, Document{{_id=Marisa Paredes, count=2}}, Document{{_id=Antoine Chappey, count=2}}, Document{{_id=Ventura, count=2}}, Document{{_id=Sergio Rubini, count=2}}, Document{{_id=Cleia Almeida, count=2}}, Document{{_id=Diogo Infante, count=2}}, Document{{_id=Joana Preiss, count=2}}, Document{{_id=Thogun, count=2}}, Document{{_id=Luis Tosar, count=2}}, Document{{_id=Ruy Furtado, count=2}}, Document{{_id=Gustavo Sumpta, count=2}}, Document{{_id=Verena Jasch, count=2}}, Document{{_id=Rogèrio Samora, count=2}}, Document{{_id=Rafael Morais, count=2}}, Document{{_id=Joana de Verona, count=2}}, Document{{_id=Isa Hochgerner, count=2}}, Document{{_id=Francisco Gaspar, count=2}}, Document{{_id=Pilar Lèpez de Ayala, count=2}}, Document{{_id=Adolfo Assor, count=2}}, Document{{_id=Canto e Castro, count=2}}, Document{{_id=Gabino Diego, count=2}}, Document{{_id=Teresa Madruga, count=2}}, Document{{_id=Thomas Baumann, count=2}}, Document{{_id=Joèo Pedro Rodrigues, count=1}}, Document{{_id=Saakanush Vanyan, count=1}}, Document{{_id=Cètia Afonso, count=1}}, Document{{_id=Joaquina Chicau, count=1}}, Document{{_id=Miguel Raposo, count=1}}, Document{{_id=Manuel Soares, count=1}}, Document{{_id=Alexandra Maria Lara, count=1}}, Document{{_id=Camanè, count=1}}, Document{{_id=Kimmo Pohjonen, count=1}}, Document{{_id=Raoul Ruiz, count=1}}, Document{{_id=Jean-Yves Gautier, count=1}}, Document{{_id=Tito Furtado, count=1}}, Document{{_id=Ruy de Carvalho, count=1}}, Document{{_id=Clèudia Teixeira, count=1}}, Document{{_id=Walter Kohut, count=1}}, Document{{_id=èric Caravaca, count=1}}, Document{{_id=Maria Joèo Bastos, count=1}}, Document{{_id=Ricardo Azevedo, count=1}}, Document{{_id=Ana Graciela, count=1}}, Document{{_id=Serge Nicolai, count=1}}, Document{{_id=Oliveira Lopes, count=1}}, Document{{_id=Nuno Porfèrio, count=1}}, Document{{_id=Serge Daney, count=1}}, Document{{_id=Elvira Mènguez, count=1}}, Document{{_id=Ricardo Pereira, count=1}}, Document{{_id=Cècile Sanz de Alba, count=1}}, Document{{_id=Beatriz Torcato, count=1}}, Document{{_id=Filipa de Almeida, count=1}}, Document{{_id=Diogo Morgado, count=1}}, Document{{_id=Ricardo Darèn, count=1}}, Document{{_id=Axel Neumann, count=1}}, Document{{_id=Lambert Wilson, count=1}}, Document{{_id=Edward Hogg, count=1}}, Document{{_id=Olivia Corsini, count=1}}, Document{{_id=Tony Ramos, count=1}}, Document{{_id=Guillermo Toledo, count=1}}, Document{{_id=Gonèalo Ferreira De Almeida, count=1}}, Document{{_id=Jonathan Genet, count=1}}, Document{{_id=Helmut Griem, count=1}}, Document{{_id=Bèatrice Dalle, count=1}}, Document{{_id=Elsa Zylberstein, count=1}}, Document{{_id=Marcelo Faria, count=1}}, Document{{_id=Clarisse Abujamra, count=1}}, Document{{_id=Jean-Franèois Balmer, count=1}}, Document{{_id=Rodrigo Perdigèo, count=1}}, Document{{_id=Amba Bihler, count=1}}, Document{{_id=Antènio Pedroso, count=1}}, Document{{_id=Manuel Gomes Miranda, count=1}}, Document{{_id=Marcos Caruso, count=1}}, Document{{_id=Bebe, count=1}}, Document{{_id=Afonso Pimentel, count=1}}, Document{{_id=Vincent Perez, count=1}}, Document{{_id=Mot Harris Dunlop Stothart, count=1}}, Document{{_id=Carlos do Carmo, count=1}}, Document{{_id=Jeremy Irons, count=1}}, Document{{_id=Derek Keurvorst, count=1}}, Document{{_id=èlodie Bouchez, count=1}}, Document{{_id=Fernando Alves Pinto, count=1}}, Document{{_id=Alexandra Lencastre, count=1}}, Document{{_id=Marta Etura, count=1}}, Document{{_id=Nuno Gil, count=1}}, Document{{_id=Skyler Day, count=1}}, Document{{_id=Eduard Fernèndez, count=1}}, Document{{_id=èngels Barcelè, count=1}}, Document{{_id=Francis Frappat, count=1}}, Document{{_id=Vitalina Varela, count=1}}, Document{{_id=Maurice Bènichou, count=1}}, Document{{_id=Paul Giamatti, count=1}}, Document{{_id=Isabelle Huppert, count=1}}, Document{{_id=Leonor Watling, count=1}}, Document{{_id=Nuno Casanovas, count=1}}, Document{{_id=Beatrice Brown, count=1}}, Document{{_id=Joana Azevedo, count=1}}, Document{{_id=Mariya Lipkina, count=1}}, Document{{_id=Melchior Derouet, count=1}}, Document{{_id=Jack Huston, count=1}}, Document{{_id=Francisco Mozos, count=1}}, Document{{_id=Guy Marchand, count=1}}, Document{{_id=Leos Carax, count=1}}, Document{{_id=Alicia Fehrmann, count=1}}, Document{{_id=Antènio Assunèèo, count=1}}, Document{{_id=Ana Padrèo, count=1}}, Document{{_id=Shaghayegh Beheshti, count=1}}, Document{{_id=Maria Flor, count=1}}, Document{{_id=Rui Gomes, count=1}}, Document{{_id=Frèdèric Pierrot, count=1}}, Document{{_id=Beatriz Duarte, count=1}}, Document{{_id=Pedro Hestnes, count=1}}, Document{{_id=Paulo Renato, count=1}}, Document{{_id=Donatello Brida, count=1}}, Document{{_id=Corey Large, count=1}}, Document{{_id=Charo Lèpez, count=1}}, Document{{_id=Raoul Bova, count=1}}, Document{{_id=Ivo Barroso, count=1}}, Document{{_id=Filippo Nigro, count=1}}, Document{{_id=Daniel Duval, count=1}}, Document{{_id=Pedro Laginha, count=1}}, Document{{_id=Bulle Ogier, count=1}}, Document{{_id=Kevin Durand, count=1}}, Document{{_id=Juan Josè Ballesta, count=1}}, Document{{_id=Fatima Ennaflaoui, count=1}}, Document{{_id=Lena Duarte, count=1}}, Document{{_id=Patrick Bauchau, count=1}}, Document{{_id=Lydie Barbara, count=1}}, Document{{_id=John Jesus Romèo, count=1}}, Document{{_id=Netinho Alves, count=1}}, Document{{_id=Emma de Caunes, count=1}}, Document{{_id=Robert Pattinson, count=1}}, Document{{_id=Arielle Dombasle, count=1}}, Document{{_id=Frank Baker, count=1}}, Document{{_id=Timo Kèmèrèinen, count=1}}, Document{{_id=Nuno Vaz, count=1}}, Document{{_id=Irène Jacob, count=1}}, Document{{_id=Manuel Manquièa, count=1}}, Document{{_id=Ana Moreira, count=1}}, Document{{_id=Cindy Scrash, count=1}}, Document{{_id=Silvia Munt, count=1}}, Document{{_id=Daniel Auteuil, count=1}}, Document{{_id=Harvey Keitel, count=1}}, Document{{_id=Isabelle Weingarten, count=1}}, Document{{_id=Clara Lago, count=1}}, Document{{_id=Nuno Markl, count=1}}, Document{{_id=Sami Kuoppamèki, count=1}}, Document{{_id=Francesca Prandi, count=1}}, Document{{_id=Maren Ade, count=1}}, Document{{_id=Joèo Cajuda, count=1}}, Document{{_id=Fernanda Torres, count=1}}, Document{{_id=Inès de Medeiros, count=1}}, Document{{_id=Nik Xhelilaj, count=1}}, Document{{_id=Antonio Santos, count=1}}, Document{{_id=Brigitte Fossey, count=1}}, Document{{_id=Vasco Sequeira, count=1}}, Document{{_id=Colm Feore, count=1}}, Document{{_id=Makena Diop, count=1}}, Document{{_id=Joèo Roldan, count=1}}, Document{{_id=Edith Scob, count=1}}, Document{{_id=Nuno Leonel, count=1}}, Document{{_id=Scott Bailey, count=1}}, Document{{_id=Josè Airosa, count=1}}, Document{{_id=Charles Berling, count=1}}, Document{{_id=Telmo Churro, count=1}}, Document{{_id=Amèrico Mota, count=1}}, Document{{_id=Massimo Girotti, count=1}}, Document{{_id=Jean-Pierre Rehm, count=1}}, Document{{_id=Stefania Goulioti, count=1}}, Document{{_id=Fèbio Oliveira, count=1}}, Document{{_id=Rebecca Gomperts, count=1}}, Document{{_id=Dmitriy Podnozov, count=1}}, Document{{_id=Raquel Ascensèo, count=1}}, Document{{_id=Daniele Liotti, count=1}}, Document{{_id=Saffron Burrows, count=1}}, Document{{_id=Emma Griffiths Malin, count=1}}, Document{{_id=Vèctor Valdivia, count=1}}, Document{{_id=Maitè Proenèa, count=1}}, Document{{_id=Richard Courcet, count=1}}, Document{{_id=Cian Barry, count=1}}, Document{{_id=Sabine Azèma, count=1}}, Document{{_id=Domingos Fernandes Fonseca, count=1}}, Document{{_id=Emmanuelle Bèart, count=1}}, Document{{_id=Rita Pereira Marques, count=1}}, Document{{_id=Pilar del Rèo, count=1}}, Document{{_id=Bruna Di Tullio, count=1}}, Document{{_id=Sophie Guillemin, count=1}}, Document{{_id=Argyris Xafis, count=1}}, Document{{_id=Dieter Laser, count=1}}, Document{{_id=Natasha Wightman, count=1}}, Document{{_id=Chico Buarque de Hollanda, count=1}}, Document{{_id=Jorge Silva Melo, count=1}}, Document{{_id=Hortèncèlio Aquina, count=1}}, Document{{_id=Anabela Moreira, count=1}}, Document{{_id=Florentina Dumitru, count=1}}, Document{{_id=Petronio Gontijo, count=1}}, Document{{_id=Erika Alexander, count=1}}, Document{{_id=Pedro Abrunhosa, count=1}}, Document{{_id=Armanda Bacelar, count=1}}, Document{{_id=Fernando Guillèn Cuervo, count=1}}, Document{{_id=Rebecca Pauly, count=1}}, Document{{_id=Thiago Justino, count=1}}, Document{{_id=Joana Santos, count=1}}, Document{{_id=Eurico Vieira, count=1}}, Document{{_id=Roschdy Zem, count=1}}, Document{{_id=Antènio Pedro Cerdeira, count=1}}, Document{{_id=Ana Cristina de Oliveira, count=1}}, Document{{_id=Giovanna Mezzogiorno, count=1}}, Document{{_id=Rebeca Close, count=1}}, Document{{_id=Michelle Mania, count=1}}, Document{{_id=Jaime Pereira, count=1}}, Document{{_id=Joaquim Carvalho, count=1}}, Document{{_id=Nuno Bernardo, count=1}}, Document{{_id=Isaach De Bankolè, count=1}}, Document{{_id=Fabienne Babe, count=1}}, Document{{_id=Crista Alfaiate, count=1}}, Document{{_id=Marèa Barranco, count=1}}, Document{{_id=Ricardo Meneses, count=1}}, Document{{_id=Juanjo Puigcorbè, count=1}}, Document{{_id=Israel Gouvea, count=1}}, Document{{_id=Roberio Lima, count=1}}, Document{{_id=Rita Klein, count=1}}, Document{{_id=Drica Moraes, count=1}}, Document{{_id=Johan Libèreau, count=1}}, Document{{_id=Andreas Wilson, count=1}}, Document{{_id=Stefano Dionisi, count=1}}, Document{{_id=Samuli Kosminen, count=1}}, Document{{_id=Pascal Greggory, count=1}}, Document{{_id=Stefano Accorsi, count=1}}, Document{{_id=Devon Anderson, count=1}}, Document{{_id=Miriam Dèaz-Aroca, count=1}}, Document{{_id=Manuela Couto, count=1}}, Document{{_id=Chico Dèaz, count=1}}, Document{{_id=Neuci de Souza, count=1}}, Document{{_id=Valentinas Masalskis, count=1}}, Document{{_id=Catarina Wallenstein, count=1}}, Document{{_id=Lila Downs, count=1}}, Document{{_id=Rui Morrison, count=1}}, Document{{_id=Oksana Chernych, count=1}}, Document{{_id=Amira Casar, count=1}}, Document{{_id=Andre Barbosa, count=1}}, Document{{_id=Clotilde Hesme, count=1}}, Document{{_id=Robert Kramer, count=1}}, Document{{_id=Ellen Page, count=1}}, Document{{_id=Chandra Malatitch, count=1}}, Document{{_id=Carloto Cotta, count=1}}, Document{{_id=Manoel de Oliveira, count=1}}, Document{{_id=Jèlia Botelho, count=1}}, Document{{_id=Diego Noguera, count=1}}, Document{{_id=Reginaldo Faria, count=1}}, Document{{_id=Julie Balloo, count=1}}, Document{{_id=Valeria Bruni Tedeschi, count=1}}, Document{{_id=Joaquim Pinto, count=1}}, Document{{_id=Tèmas Lemarquis, count=1}}, Document{{_id=Mèrcio Libar, count=1}}, Document{{_id=Rèdiger Vogler, count=1}}, Document{{_id=Christian Vadim, count=1}}, Document{{_id=Sara Carinhas, count=1}}, Document{{_id=Sebastian Laustsen, count=1}}, Document{{_id=Joèo Rui Guerra da Mata, count=1}}, Document{{_id=Micaela Cardoso, count=1}}, Document{{_id=Chiara Mastroianni, count=1}}, Document{{_id=èlex Brendemèhl, count=1}}, Document{{_id=Fernando Luès, count=1}}, Document{{_id=Katya Ladan, count=1}}, Document{{_id=Alberto San Juan, count=1}}, Document{{_id=Anna Galiena, count=1}}, Document{{_id=Ilias Stothart, count=1}}, Document{{_id=Alix Wilton Regan, count=1}}, Document{{_id=Joèo Carreira, count=1}}, Document{{_id=Marco D'Almeida, count=1}}, Document{{_id=Ieronymos Kaletsanos, count=1}}, Document{{_id=Sandra Adair, count=1}}, Document{{_id=Pedro Granger, count=1}}, Document{{_id=Jèlia Buisel, count=1}}, Document{{_id=èlvaro de Luna, count=1}}, Document{{_id=August Diehl, count=1}}, Document{{_id=Maria Conchita Alonso, count=1}}, Document{{_id=Luès Melo, count=1}}, Document{{_id=Martina Gedeck, count=1}}, Document{{_id=Richard Linklater, count=1}}, Document{{_id=Fernando Fernèn Gèmez, count=1}}, Document{{_id=Juan Diego Botto, count=1}}, Document{{_id=Miguel Guilherme, count=1}}, Document{{_id=Isabel Abreu, count=1}}, Document{{_id=Mèlanie Laurent, count=1}}, Document{{_id=Ed Stoppard, count=1}}, Document{{_id=James Benning, count=1}}, Document{{_id=Romain Duris, count=1}}, Document{{_id=Nathalia Galgani, count=1}}, Document{{_id=Vicky Peèa, count=1}}, Document{{_id=Jean Luis Amorim, count=1}}, Document{{_id=Alexandre Borges, count=1}}, Document{{_id=Giuliano Gemma, count=1}}, Document{{_id=Geoffrey Carey, count=1}}, Document{{_id=Jorge Trèpa, count=1}}, Document{{_id=Carmelo Gèmez, count=1}}, Document{{_id=Aleksandre Saulov, count=1}}, Document{{_id=Andrzej Seweryn, count=1}}, Document{{_id=Stepan Nercessian, count=1}}, Document{{_id=Federico Luppi, count=1}}, Document{{_id=Cristina Cèmara, count=1}}, Document{{_id=Mercedes Sampietro, count=1}}, Document{{_id=Teresa Calado, count=1}}, Document{{_id=Rosana Pastor, count=1}}, Document{{_id=Rita Durèo, count=1}}, Document{{_id=Sènia Bandeira, count=1}}, Document{{_id=Bruno Todeschini, count=1}}, Document{{_id=Joèo Marèal, count=1}}, Document{{_id=Joao Afonso, count=1}}, Document{{_id=Jeffrey Kime, count=1}}, Document{{_id=Andrès Waas, count=1}}, Document{{_id=Pancho Garcia Aguirre, count=1}}, Document{{_id=Sarah Gadon, count=1}}, Document{{_id=Juan Echanove, count=1}}, Document{{_id=Lise Biskup, count=1}}, Document{{_id=Lou Bihler, count=1}}, Document{{_id=Alban Ukaj, count=1}}, Document{{_id=Penèlope Cruz, count=1}}, Document{{_id=Zita Duarte, count=1}}, Document{{_id=Ivo Canelas, count=1}}, Document{{_id=Iciar Bollain, count=1}}]>
	at mflix.lessons.UsingAggregationBuilders.aggregateSeveralStages(UsingAggregationBuilders.java:218)

