<?xml version="1.0" encoding="UTF-8"?>
<testsuite xmlns:xsi="http://www.w3.org/2001/XMLSchema-instance" xsi:noNamespaceSchemaLocation="https://maven.apache.org/surefire/maven-surefire-plugin/xsd/surefire-test-report.xsd" name="mflix.api.daos.TimeoutsTest" time="4.53" tests="2" errors="2" skipped="0" failures="0">
  <properties>
[...]
</properties>
  <testcase name="testConfiguredConnectionTimeoutMs" classname="mflix.api.daos.TimeoutsTest" time="0.077">
    <error type="java.lang.NullPointerException">java.lang.NullPointerException
	at mflix.api.daos.TimeoutsTest.testConfiguredConnectionTimeoutMs(TimeoutsTest.java:58)
</error>
    <system-out><![CDATA[2020-04-26 02:39:46.198  INFO 5544 --- [           main] .b.t.c.SpringBootTestContextBootstrapper : Neither @ContextConfiguration nor @ContextHierarchy found for test class [mflix.api.daos.TimeoutsTest], using SpringBootContextLoader
2020-04-26 02:39:46.204  INFO 5544 --- [           main] o.s.t.c.support.AbstractContextLoader    : Could not detect default resource locations for test class [mflix.api.daos.TimeoutsTest]: no resource found for suffixes {-context.xml, Context.groovy}.
2020-04-26 02:39:46.243  INFO 5544 --- [           main] .b.t.c.SpringBootTestContextBootstrapper : Loaded default TestExecutionListener class names from location [META-INF/spring.factories]: [org.springframework.boot.test.mock.mockito.MockitoTestExecutionListener, org.springframework.boot.test.mock.mockito.ResetMocksTestExecutionListener, org.springframework.boot.test.autoconfigure.restdocs.RestDocsTestExecutionListener, org.springframework.boot.test.autoconfigure.web.client.MockRestServiceServerResetTestExecutionListener, org.springframework.boot.test.autoconfigure.web.servlet.MockMvcPrintOnlyOnFailureTestExecutionListener, org.springframework.boot.test.autoconfigure.web.servlet.WebDriverTestExecutionListener, org.springframework.test.context.web.ServletTestExecutionListener, org.springframework.test.context.support.DirtiesContextBeforeModesTestExecutionListener, org.springframework.test.context.support.DependencyInjectionTestExecutionListener, org.springframework.test.context.support.DirtiesContextTestExecutionListener, org.springframework.test.context.transaction.TransactionalTestExecutionListener, org.springframework.test.context.jdbc.SqlScriptsTestExecutionListener]
2020-04-26 02:39:46.256  INFO 5544 --- [           main] .b.t.c.SpringBootTestContextBootstrapper : Using TestExecutionListeners: [org.springframework.test.context.web.ServletTestExecutionListener@ee21292, org.springframework.test.context.support.DirtiesContextBeforeModesTestExecutionListener@40c06358, org.springframework.boot.test.mock.mockito.MockitoTestExecutionListener@66e21568, org.springframework.boot.test.autoconfigure.SpringBootDependencyInjectionTestExecutionListener@7f73ce28, org.springframework.test.context.support.DirtiesContextTestExecutionListener@611b35d6, org.springframework.boot.test.mock.mockito.ResetMocksTestExecutionListener@2282400e, org.springframework.boot.test.autoconfigure.restdocs.RestDocsTestExecutionListener@543d5863, org.springframework.boot.test.autoconfigure.web.client.MockRestServiceServerResetTestExecutionListener@35dece42, org.springframework.boot.test.autoconfigure.web.servlet.MockMvcPrintOnlyOnFailureTestExecutionListener@dd3f8aa, org.springframework.boot.test.autoconfigure.web.servlet.WebDriverTestExecutionListener@3d615b2e]

  .   ____          _            __ _ _
 /\\ / ___'_ __ _ _(_)_ __  __ _ \ \ \ \
( ( )\___ | '_ | '_| | '_ \/ _` | \ \ \ \
 \\/  ___)| |_)| | | | | || (_| |  ) ) ) )
  '  |____| .__|_| |_|_| |_\__, | / / / /
 =========|_|==============|___/=/_/_/_/
 :: Spring Boot ::        (v2.0.4.RELEASE)

2020-04-26 02:39:46.702  INFO 5544 --- [           main] mflix.api.daos.TimeoutsTest              : Starting TimeoutsTest on pratyush-VPCEH26EN with PID 5544 (started by pratyush in /home/pratyush/Documents/mongo-course/mflix)
2020-04-26 02:39:46.716  INFO 5544 --- [           main] mflix.api.daos.TimeoutsTest              : No active profile set, falling back to default profiles: default
2020-04-26 02:39:46.731  INFO 5544 --- [           main] o.s.w.c.s.GenericWebApplicationContext   : Refreshing org.springframework.web.context.support.GenericWebApplicationContext@7da635c0: startup date [Sun Apr 26 02:39:46 IST 2020]; root of context hierarchy
2020-04-26 02:39:48.157  INFO 5544 --- [           main] org.mongodb.driver.cluster               : Cluster created with settings {hosts=[mflix-shard-00-02-xqewh.mongodb.net:27017, mflix-shard-00-01-xqewh.mongodb.net:27017, mflix-shard-00-00-xqewh.mongodb.net:27017], mode=MULTIPLE, requiredClusterType=REPLICA_SET, serverSelectionTimeout='30000 ms', maxWaitQueueSize=500, requiredReplicaSetName='mflix-shard-0'}
2020-04-26 02:39:48.159  INFO 5544 --- [           main] org.mongodb.driver.cluster               : Adding discovered server mflix-shard-00-02-xqewh.mongodb.net:27017 to client view of cluster
2020-04-26 02:39:48.166  INFO 5544 --- [           main] org.mongodb.driver.cluster               : Adding discovered server mflix-shard-00-01-xqewh.mongodb.net:27017 to client view of cluster
2020-04-26 02:39:48.177  INFO 5544 --- [           main] org.mongodb.driver.cluster               : Adding discovered server mflix-shard-00-00-xqewh.mongodb.net:27017 to client view of cluster
2020-04-26 02:39:49.031  INFO 5544 --- [           main] o.s.w.s.handler.SimpleUrlHandlerMapping  : Mapped URL path [/**/favicon.ico] onto handler of type [class org.springframework.web.servlet.resource.ResourceHttpRequestHandler]
2020-04-26 02:39:49.499  INFO 5544 --- [           main] s.w.s.m.m.a.RequestMappingHandlerAdapter : Looking for @ControllerAdvice: org.springframework.web.context.support.GenericWebApplicationContext@7da635c0: startup date [Sun Apr 26 02:39:46 IST 2020]; root of context hierarchy
2020-04-26 02:39:49.626  INFO 5544 --- [           main] s.w.s.m.m.a.RequestMappingHandlerMapping : Mapped "{[/error]}" onto public org.springframework.http.ResponseEntity<java.util.Map<java.lang.String, java.lang.Object>> org.springframework.boot.autoconfigure.web.servlet.error.BasicErrorController.error(javax.servlet.http.HttpServletRequest)
2020-04-26 02:39:49.628  INFO 5544 --- [           main] s.w.s.m.m.a.RequestMappingHandlerMapping : Mapped "{[/error],produces=[text/html]}" onto public org.springframework.web.servlet.ModelAndView org.springframework.boot.autoconfigure.web.servlet.error.BasicErrorController.errorHtml(javax.servlet.http.HttpServletRequest,javax.servlet.http.HttpServletResponse)
2020-04-26 02:39:49.716  INFO 5544 --- [           main] o.s.w.s.handler.SimpleUrlHandlerMapping  : Mapped URL path [/webjars/**] onto handler of type [class org.springframework.web.servlet.resource.ResourceHttpRequestHandler]
2020-04-26 02:39:49.718  INFO 5544 --- [           main] o.s.w.s.handler.SimpleUrlHandlerMapping  : Mapped URL path [/**] onto handler of type [class org.springframework.web.servlet.resource.ResourceHttpRequestHandler]
2020-04-26 02:39:49.758  INFO 5544 --- [ngodb.net:27017] org.mongodb.driver.connection            : Opened connection [connectionId{localValue:5, serverValue:11818}] to mflix-shard-00-02-xqewh.mongodb.net:27017
2020-04-26 02:39:49.833  INFO 5544 --- [ngodb.net:27017] org.mongodb.driver.connection            : Opened connection [connectionId{localValue:6, serverValue:9910}] to mflix-shard-00-01-xqewh.mongodb.net:27017
2020-04-26 02:39:49.843  INFO 5544 --- [ngodb.net:27017] org.mongodb.driver.connection            : Opened connection [connectionId{localValue:7, serverValue:12148}] to mflix-shard-00-00-xqewh.mongodb.net:27017
2020-04-26 02:39:49.850  INFO 5544 --- [           main] o.s.b.a.w.s.WelcomePageHandlerMapping    : Adding welcome page: class path resource [build/index.html]
2020-04-26 02:39:50.038  INFO 5544 --- [ngodb.net:27017] org.mongodb.driver.cluster               : Monitor thread successfully connected to server with description ServerDescription{address=mflix-shard-00-02-xqewh.mongodb.net:27017, type=REPLICA_SET_PRIMARY, state=CONNECTED, ok=true, version=ServerVersion{versionList=[4, 2, 6]}, minWireVersion=0, maxWireVersion=8, maxDocumentSize=16777216, logicalSessionTimeoutMinutes=30, roundTripTimeNanos=278427460, setName='mflix-shard-0', canonicalAddress=mflix-shard-00-02-xqewh.mongodb.net:27017, hosts=[mflix-shard-00-02-xqewh.mongodb.net:27017, mflix-shard-00-01-xqewh.mongodb.net:27017, mflix-shard-00-00-xqewh.mongodb.net:27017], passives=[], arbiters=[], primary='mflix-shard-00-02-xqewh.mongodb.net:27017', tagSet=TagSet{[Tag{name='region', value='US_EAST_1'}, Tag{name='provider', value='AWS'}, Tag{name='nodeType', value='ELECTABLE'}]}, electionId=7fffffff0000000000000002, setVersion=2, lastWriteDate=Sun Apr 26 02:39:49 IST 2020, lastUpdateTimeNanos=6297906070736}
2020-04-26 02:39:50.052  INFO 5544 --- [ngodb.net:27017] org.mongodb.driver.cluster               : Setting max election id to 7fffffff0000000000000002 from replica set primary mflix-shard-00-02-xqewh.mongodb.net:27017
2020-04-26 02:39:50.053  INFO 5544 --- [ngodb.net:27017] org.mongodb.driver.cluster               : Setting max set version to 2 from replica set primary mflix-shard-00-02-xqewh.mongodb.net:27017
2020-04-26 02:39:50.054  INFO 5544 --- [ngodb.net:27017] org.mongodb.driver.cluster               : Discovered replica set primary mflix-shard-00-02-xqewh.mongodb.net:27017
2020-04-26 02:39:50.123  INFO 5544 --- [ngodb.net:27017] org.mongodb.driver.cluster               : Monitor thread successfully connected to server with description ServerDescription{address=mflix-shard-00-01-xqewh.mongodb.net:27017, type=REPLICA_SET_SECONDARY, state=CONNECTED, ok=true, version=ServerVersion{versionList=[4, 2, 6]}, minWireVersion=0, maxWireVersion=8, maxDocumentSize=16777216, logicalSessionTimeoutMinutes=30, roundTripTimeNanos=289343993, setName='mflix-shard-0', canonicalAddress=mflix-shard-00-01-xqewh.mongodb.net:27017, hosts=[mflix-shard-00-02-xqewh.mongodb.net:27017, mflix-shard-00-01-xqewh.mongodb.net:27017, mflix-shard-00-00-xqewh.mongodb.net:27017], passives=[], arbiters=[], primary='mflix-shard-00-02-xqewh.mongodb.net:27017', tagSet=TagSet{[Tag{name='provider', value='AWS'}, Tag{name='nodeType', value='ELECTABLE'}, Tag{name='region', value='US_EAST_1'}]}, electionId=null, setVersion=2, lastWriteDate=Sun Apr 26 02:39:49 IST 2020, lastUpdateTimeNanos=6297991045113}
2020-04-26 02:39:50.127  INFO 5544 --- [ngodb.net:27017] org.mongodb.driver.cluster               : Monitor thread successfully connected to server with description ServerDescription{address=mflix-shard-00-00-xqewh.mongodb.net:27017, type=REPLICA_SET_SECONDARY, state=CONNECTED, ok=true, version=ServerVersion{versionList=[4, 2, 6]}, minWireVersion=0, maxWireVersion=8, maxDocumentSize=16777216, logicalSessionTimeoutMinutes=30, roundTripTimeNanos=282449096, setName='mflix-shard-0', canonicalAddress=mflix-shard-00-00-xqewh.mongodb.net:27017, hosts=[mflix-shard-00-02-xqewh.mongodb.net:27017, mflix-shard-00-01-xqewh.mongodb.net:27017, mflix-shard-00-00-xqewh.mongodb.net:27017], passives=[], arbiters=[], primary='mflix-shard-00-02-xqewh.mongodb.net:27017', tagSet=TagSet{[Tag{name='provider', value='AWS'}, Tag{name='nodeType', value='ELECTABLE'}, Tag{name='region', value='US_EAST_1'}]}, electionId=null, setVersion=2, lastWriteDate=Sun Apr 26 02:39:49 IST 2020, lastUpdateTimeNanos=6297995115890}
2020-04-26 02:39:50.353  INFO 5544 --- [           main] .s.s.UserDetailsServiceAutoConfiguration : 

Using generated security password: e5c110ec-e3f2-498f-a708-c16094a5f236

2020-04-26 02:39:50.643  INFO 5544 --- [           main] o.s.s.web.DefaultSecurityFilterChain     : Creating filter chain: org.springframework.security.web.util.matcher.AnyRequestMatcher@1, [org.springframework.security.web.context.request.async.WebAsyncManagerIntegrationFilter@35bd8bc9, org.springframework.security.web.context.SecurityContextPersistenceFilter@805e72e, org.springframework.security.web.header.HeaderWriterFilter@36ad229b, org.springframework.security.web.csrf.CsrfFilter@b5ac0c1, org.springframework.security.web.authentication.logout.LogoutFilter@47a4eee2, org.springframework.security.web.authentication.UsernamePasswordAuthenticationFilter@51ff3c4b, org.springframework.security.web.authentication.ui.DefaultLoginPageGeneratingFilter@60bf494c, org.springframework.security.web.authentication.www.BasicAuthenticationFilter@1472208d, org.springframework.security.web.savedrequest.RequestCacheAwareFilter@49671897, org.springframework.security.web.servletapi.SecurityContextHolderAwareRequestFilter@168142da, org.springframework.security.web.authentication.AnonymousAuthenticationFilter@6de004f1, org.springframework.security.web.session.SessionManagementFilter@55846997, org.springframework.security.web.access.ExceptionTranslationFilter@224c7de4, org.springframework.security.web.access.intercept.FilterSecurityInterceptor@50211483]
2020-04-26 02:39:50.874  INFO 5544 --- [           main] mflix.api.daos.TimeoutsTest              : Started TimeoutsTest in 4.588 seconds (JVM running for 43.859)
2020-04-26 02:39:50.939  INFO 5544 --- [           main] org.mongodb.driver.cluster               : Cluster created with settings {hosts=[mflix-shard-00-02-xqewh.mongodb.net:27017, mflix-shard-00-01-xqewh.mongodb.net:27017, mflix-shard-00-00-xqewh.mongodb.net:27017], mode=MULTIPLE, requiredClusterType=REPLICA_SET, serverSelectionTimeout='30000 ms', maxWaitQueueSize=500, requiredReplicaSetName='mflix-shard-0'}
2020-04-26 02:39:50.941  INFO 5544 --- [           main] org.mongodb.driver.cluster               : Adding discovered server mflix-shard-00-02-xqewh.mongodb.net:27017 to client view of cluster
2020-04-26 02:39:50.964  INFO 5544 --- [           main] org.mongodb.driver.cluster               : Adding discovered server mflix-shard-00-01-xqewh.mongodb.net:27017 to client view of cluster
2020-04-26 02:39:50.970  INFO 5544 --- [           main] org.mongodb.driver.cluster               : Adding discovered server mflix-shard-00-00-xqewh.mongodb.net:27017 to client view of cluster
]]></system-out>
  </testcase>
  <testcase name="testConfiguredWtimeout" classname="mflix.api.daos.TimeoutsTest" time="0.055">
    <error type="java.lang.NullPointerException">java.lang.NullPointerException
	at mflix.api.daos.TimeoutsTest.testConfiguredWtimeout(TimeoutsTest.java:49)
</error>
    <system-out><![CDATA[2020-04-26 02:39:51.013  INFO 5544 --- [           main] org.mongodb.driver.cluster               : Cluster created with settings {hosts=[mflix-shard-00-02-xqewh.mongodb.net:27017, mflix-shard-00-01-xqewh.mongodb.net:27017, mflix-shard-00-00-xqewh.mongodb.net:27017], mode=MULTIPLE, requiredClusterType=REPLICA_SET, serverSelectionTimeout='30000 ms', maxWaitQueueSize=500, requiredReplicaSetName='mflix-shard-0'}
2020-04-26 02:39:51.013  INFO 5544 --- [           main] org.mongodb.driver.cluster               : Adding discovered server mflix-shard-00-02-xqewh.mongodb.net:27017 to client view of cluster
2020-04-26 02:39:51.016  INFO 5544 --- [           main] org.mongodb.driver.cluster               : Adding discovered server mflix-shard-00-01-xqewh.mongodb.net:27017 to client view of cluster
2020-04-26 02:39:51.024  INFO 5544 --- [           main] org.mongodb.driver.cluster               : Adding discovered server mflix-shard-00-00-xqewh.mongodb.net:27017 to client view of cluster
]]></system-out>
  </testcase>
</testsuite>