<?xml version="1.0" encoding="UTF-8"?>
<testsuite xmlns:xsi="http://www.w3.org/2001/XMLSchema-instance" xsi:noNamespaceSchemaLocation="https://maven.apache.org/surefire/maven-surefire-plugin/xsd/surefire-test-report.xsd" name="mflix.api.daos.GetCommentsTest" time="2.621" tests="3" errors="2" skipped="0" failures="0">
  <properties>
[...]
</properties>
  <testcase name="testGetMovieComments" classname="mflix.api.daos.GetCommentsTest" time="0.859">
    <error type="java.lang.NullPointerException">java.lang.NullPointerException
	at mflix.api.daos.GetCommentsTest.testGetMovieComments(GetCommentsTest.java:72)
</error>
    <system-out><![CDATA[2020-04-26 02:40:24.058  INFO 5544 --- [           main] .b.t.c.SpringBootTestContextBootstrapper : Neither @ContextConfiguration nor @ContextHierarchy found for test class [mflix.api.daos.GetCommentsTest], using SpringBootContextLoader
2020-04-26 02:40:24.066  INFO 5544 --- [           main] o.s.t.c.support.AbstractContextLoader    : Could not detect default resource locations for test class [mflix.api.daos.GetCommentsTest]: no resource found for suffixes {-context.xml, Context.groovy}.
2020-04-26 02:40:24.086  INFO 5544 --- [           main] .b.t.c.SpringBootTestContextBootstrapper : Loaded default TestExecutionListener class names from location [META-INF/spring.factories]: [org.springframework.boot.test.mock.mockito.MockitoTestExecutionListener, org.springframework.boot.test.mock.mockito.ResetMocksTestExecutionListener, org.springframework.boot.test.autoconfigure.restdocs.RestDocsTestExecutionListener, org.springframework.boot.test.autoconfigure.web.client.MockRestServiceServerResetTestExecutionListener, org.springframework.boot.test.autoconfigure.web.servlet.MockMvcPrintOnlyOnFailureTestExecutionListener, org.springframework.boot.test.autoconfigure.web.servlet.WebDriverTestExecutionListener, org.springframework.test.context.web.ServletTestExecutionListener, org.springframework.test.context.support.DirtiesContextBeforeModesTestExecutionListener, org.springframework.test.context.support.DependencyInjectionTestExecutionListener, org.springframework.test.context.support.DirtiesContextTestExecutionListener, org.springframework.test.context.transaction.TransactionalTestExecutionListener, org.springframework.test.context.jdbc.SqlScriptsTestExecutionListener]
2020-04-26 02:40:24.089  INFO 5544 --- [           main] .b.t.c.SpringBootTestContextBootstrapper : Using TestExecutionListeners: [org.springframework.test.context.web.ServletTestExecutionListener@636985df, org.springframework.test.context.support.DirtiesContextBeforeModesTestExecutionListener@6f91fbda, org.springframework.boot.test.mock.mockito.MockitoTestExecutionListener@723e3c17, org.springframework.boot.test.autoconfigure.SpringBootDependencyInjectionTestExecutionListener@4ffced4e, org.springframework.test.context.support.DirtiesContextTestExecutionListener@6094de13, org.springframework.boot.test.mock.mockito.ResetMocksTestExecutionListener@bbb6f0, org.springframework.boot.test.autoconfigure.restdocs.RestDocsTestExecutionListener@3e6ec74, org.springframework.boot.test.autoconfigure.web.client.MockRestServiceServerResetTestExecutionListener@2bd8f7db, org.springframework.boot.test.autoconfigure.web.servlet.MockMvcPrintOnlyOnFailureTestExecutionListener@6d7ad0f5, org.springframework.boot.test.autoconfigure.web.servlet.WebDriverTestExecutionListener@30abf79c]
]]></system-out>
  </testcase>
  <testcase name="testInsertedComment" classname="mflix.api.daos.GetCommentsTest" time="0.863">
    <error type="java.lang.NullPointerException">java.lang.NullPointerException
	at mflix.api.daos.GetCommentsTest.testInsertedComment(GetCommentsTest.java:96)
</error>
  </testcase>
  <testcase name="testCommentsMovieIdNonExisting" classname="mflix.api.daos.GetCommentsTest" time="0.855"/>
</testsuite>