<?xml version="1.0" encoding="UTF-8"?>
<testsuite xmlns:xsi="http://www.w3.org/2001/XMLSchema-instance" xsi:noNamespaceSchemaLocation="https://maven.apache.org/surefire/maven-surefire-plugin/xsd/surefire-test-report.xsd" name="mflix.api.daos.ConnectionTest" time="19.766" tests="3" errors="0" skipped="0" failures="0">
  <properties>
[...]
</properties>
  <testcase name="testMoviesCount" classname="mflix.api.daos.ConnectionTest" time="3.107"/>
  <testcase name="testConnectionFindsCollections" classname="mflix.api.daos.ConnectionTest" time="4.201"/>
  <testcase name="testConnectionFindsDatabase" classname="mflix.api.daos.ConnectionTest" time="5.484"/>
</testsuite>