<?xml version="1.0" encoding="UTF-8"?>
<testsuite xmlns:xsi="http://www.w3.org/2001/XMLSchema-instance" xsi:noNamespaceSchemaLocation="https://maven.apache.org/surefire/maven-surefire-plugin/xsd/surefire-test-report.xsd" name="mflix.api.daos.UserTest" time="36.889" tests="4" errors="1" skipped="0" failures="3">
  <properties>
[...]
</properties>
  <testcase name="testLogin" classname="mflix.api.daos.UserTest" time="5.302">
    <failure message="Should be able to create user sesssion." type="java.lang.AssertionError">java.lang.AssertionError: Should be able to create user sesssion.
	at mflix.api.daos.UserTest.testLogin(UserTest.java:80)
</failure>
    <system-out><![CDATA[02:39:11.022 [main] DEBUG org.springframework.test.context.junit4.SpringJUnit4ClassRunner - SpringJUnit4ClassRunner constructor called with [class mflix.api.daos.UserTest]
02:39:11.053 [main] DEBUG org.springframework.test.context.BootstrapUtils - Instantiating CacheAwareContextLoaderDelegate from class [org.springframework.test.context.cache.DefaultCacheAwareContextLoaderDelegate]
02:39:11.093 [main] DEBUG org.springframework.test.context.BootstrapUtils - Instantiating BootstrapContext using constructor [public org.springframework.test.context.support.DefaultBootstrapContext(java.lang.Class,org.springframework.test.context.CacheAwareContextLoaderDelegate)]
02:39:11.203 [main] DEBUG org.springframework.test.context.BootstrapUtils - Instantiating TestContextBootstrapper for test class [mflix.api.daos.UserTest] from class [org.springframework.boot.test.context.SpringBootTestContextBootstrapper]
02:39:11.257 [main] INFO org.springframework.boot.test.context.SpringBootTestContextBootstrapper - Neither @ContextConfiguration nor @ContextHierarchy found for test class [mflix.api.daos.UserTest], using SpringBootContextLoader
02:39:11.276 [main] DEBUG org.springframework.test.context.support.AbstractContextLoader - Did not detect default resource location for test class [mflix.api.daos.UserTest]: class path resource [mflix/api/daos/UserTest-context.xml] does not exist
02:39:11.280 [main] DEBUG org.springframework.test.context.support.AbstractContextLoader - Did not detect default resource location for test class [mflix.api.daos.UserTest]: class path resource [mflix/api/daos/UserTestContext.groovy] does not exist
02:39:11.281 [main] INFO org.springframework.test.context.support.AbstractContextLoader - Could not detect default resource locations for test class [mflix.api.daos.UserTest]: no resource found for suffixes {-context.xml, Context.groovy}.
02:39:11.595 [main] DEBUG org.springframework.test.context.support.ActiveProfilesUtils - Could not find an 'annotation declaring class' for annotation type [org.springframework.test.context.ActiveProfiles] and class [mflix.api.daos.UserTest]
02:39:12.385 [main] DEBUG org.springframework.boot.test.context.SpringBootTestContextBootstrapper - @TestExecutionListeners is not present for class [mflix.api.daos.UserTest]: using defaults.
02:39:12.388 [main] INFO org.springframework.boot.test.context.SpringBootTestContextBootstrapper - Loaded default TestExecutionListener class names from location [META-INF/spring.factories]: [org.springframework.boot.test.mock.mockito.MockitoTestExecutionListener, org.springframework.boot.test.mock.mockito.ResetMocksTestExecutionListener, org.springframework.boot.test.autoconfigure.restdocs.RestDocsTestExecutionListener, org.springframework.boot.test.autoconfigure.web.client.MockRestServiceServerResetTestExecutionListener, org.springframework.boot.test.autoconfigure.web.servlet.MockMvcPrintOnlyOnFailureTestExecutionListener, org.springframework.boot.test.autoconfigure.web.servlet.WebDriverTestExecutionListener, org.springframework.test.context.web.ServletTestExecutionListener, org.springframework.test.context.support.DirtiesContextBeforeModesTestExecutionListener, org.springframework.test.context.support.DependencyInjectionTestExecutionListener, org.springframework.test.context.support.DirtiesContextTestExecutionListener, org.springframework.test.context.transaction.TransactionalTestExecutionListener, org.springframework.test.context.jdbc.SqlScriptsTestExecutionListener]
02:39:12.451 [main] DEBUG org.springframework.boot.test.context.SpringBootTestContextBootstrapper - Skipping candidate TestExecutionListener [org.springframework.test.context.transaction.TransactionalTestExecutionListener] due to a missing dependency. Specify custom listener classes or make the default listener classes and their required dependencies available. Offending class: [org/springframework/transaction/interceptor/TransactionAttributeSource]
02:39:12.454 [main] DEBUG org.springframework.boot.test.context.SpringBootTestContextBootstrapper - Skipping candidate TestExecutionListener [org.springframework.test.context.jdbc.SqlScriptsTestExecutionListener] due to a missing dependency. Specify custom listener classes or make the default listener classes and their required dependencies available. Offending class: [org/springframework/transaction/interceptor/TransactionAttribute]
02:39:12.458 [main] INFO org.springframework.boot.test.context.SpringBootTestContextBootstrapper - Using TestExecutionListeners: [org.springframework.test.context.web.ServletTestExecutionListener@3c7f66c4, org.springframework.test.context.support.DirtiesContextBeforeModesTestExecutionListener@194bcebf, org.springframework.boot.test.mock.mockito.MockitoTestExecutionListener@17497425, org.springframework.boot.test.autoconfigure.SpringBootDependencyInjectionTestExecutionListener@f0da945, org.springframework.test.context.support.DirtiesContextTestExecutionListener@4803b726, org.springframework.boot.test.mock.mockito.ResetMocksTestExecutionListener@ffaa6af, org.springframework.boot.test.autoconfigure.restdocs.RestDocsTestExecutionListener@53ce1329, org.springframework.boot.test.autoconfigure.web.client.MockRestServiceServerResetTestExecutionListener@316bcf94, org.springframework.boot.test.autoconfigure.web.servlet.MockMvcPrintOnlyOnFailureTestExecutionListener@6404f418, org.springframework.boot.test.autoconfigure.web.servlet.WebDriverTestExecutionListener@3e11f9e9]
02:39:12.466 [main] DEBUG org.springframework.test.annotation.ProfileValueUtils - Retrieved @ProfileValueSourceConfiguration [null] for test class [mflix.api.daos.UserTest]
02:39:12.468 [main] DEBUG org.springframework.test.annotation.ProfileValueUtils - Retrieved ProfileValueSource type [class org.springframework.test.annotation.SystemProfileValueSource] for class [mflix.api.daos.UserTest]
02:39:12.500 [main] DEBUG org.springframework.test.annotation.ProfileValueUtils - Retrieved @ProfileValueSourceConfiguration [null] for test class [mflix.api.daos.UserTest]
02:39:12.501 [main] DEBUG org.springframework.test.annotation.ProfileValueUtils - Retrieved ProfileValueSource type [class org.springframework.test.annotation.SystemProfileValueSource] for class [mflix.api.daos.UserTest]
02:39:12.504 [main] DEBUG org.springframework.test.annotation.ProfileValueUtils - Retrieved @ProfileValueSourceConfiguration [null] for test class [mflix.api.daos.UserTest]
02:39:12.505 [main] DEBUG org.springframework.test.annotation.ProfileValueUtils - Retrieved ProfileValueSource type [class org.springframework.test.annotation.SystemProfileValueSource] for class [mflix.api.daos.UserTest]
02:39:12.554 [main] DEBUG org.springframework.test.context.support.AbstractDirtiesContextTestExecutionListener - Before test class: context [DefaultTestContext@b9b00e0 testClass = UserTest, testInstance = [null], testMethod = [null], testException = [null], mergedContextConfiguration = [WebMergedContextConfiguration@506ae4d4 testClass = UserTest, locations = '{}', classes = '{class mflix.config.MongoDBConfiguration, class mflix.config.MongoDBConfiguration}', contextInitializerClasses = '[]', activeProfiles = '{}', propertySourceLocations = '{}', propertySourceProperties = '{org.springframework.boot.test.context.SpringBootTestContextBootstrapper=true}', contextCustomizers = set[[ImportsContextCustomizer@7d4f9aae key = [@org.springframework.boot.autoconfigure.AutoConfigurationPackage(), @org.springframework.test.context.BootstrapWith(value=org.springframework.boot.test.context.SpringBootTestContextBootstrapper.class), @org.springframework.boot.context.properties.EnableConfigurationProperties(value={}), @org.springframework.context.annotation.Import(value={org.springframework.boot.context.properties.EnableConfigurationPropertiesImportSelector.class}), @org.springframework.boot.test.context.SpringBootTest(webEnvironment=MOCK, value={}, properties={}, classes={mflix.config.MongoDBConfiguration.class}), @org.springframework.boot.autoconfigure.EnableAutoConfiguration(exclude={}, excludeName={}), @org.springframework.context.annotation.Import(value={org.springframework.boot.autoconfigure.AutoConfigurationPackages$Registrar.class}), @org.springframework.context.annotation.Import(value={org.springframework.boot.autoconfigure.AutoConfigurationImportSelector.class}), @org.junit.runner.RunWith(value=org.springframework.test.context.junit4.SpringJUnit4ClassRunner.class)]], org.springframework.boot.test.context.filter.ExcludeFilterContextCustomizer@1cbbffcd, org.springframework.boot.test.json.DuplicateJsonObjectContextCustomizerFactory$DuplicateJsonObjectContextCustomizer@3d51f06e, org.springframework.boot.test.mock.mockito.MockitoContextCustomizer@0, org.springframework.boot.test.web.client.TestRestTemplateContextCustomizer@7714e963, org.springframework.boot.test.autoconfigure.properties.PropertyMappingContextCustomizer@0, org.springframework.boot.test.autoconfigure.web.servlet.WebDriverContextCustomizerFactory$Customizer@8dbdac1], resourceBasePath = 'src/main/webapp', contextLoader = 'org.springframework.boot.test.context.SpringBootContextLoader', parent = [null]], attributes = map['org.springframework.test.context.web.ServletTestExecutionListener.activateListener' -> true]], class annotated with @DirtiesContext [false] with mode [null].
02:39:12.557 [main] DEBUG org.springframework.test.annotation.ProfileValueUtils - Retrieved @ProfileValueSourceConfiguration [null] for test class [mflix.api.daos.UserTest]
02:39:12.558 [main] DEBUG org.springframework.test.annotation.ProfileValueUtils - Retrieved ProfileValueSource type [class org.springframework.test.annotation.SystemProfileValueSource] for class [mflix.api.daos.UserTest]
02:39:12.743 [main] DEBUG org.springframework.core.env.StandardEnvironment - Adding PropertySource 'systemProperties' with lowest search precedence
02:39:12.745 [main] DEBUG org.springframework.core.env.StandardEnvironment - Adding PropertySource 'systemEnvironment' with lowest search precedence
02:39:12.747 [main] DEBUG org.springframework.core.env.StandardEnvironment - Initialized StandardEnvironment with PropertySources [MapPropertySource@402249858 {name='systemProperties', properties={sun.desktop=gnome, awt.toolkit=sun.awt.X11.XToolkit, java.specification.version=11, sun.cpu.isalist=, sun.jnu.encoding=UTF-8, java.class.path=/home/pratyush/Documents/mongo-course/mflix/target/test-classes:/home/pratyush/Documents/mongo-course/mflix/target/classes:/home/pratyush/.m2/repository/org/springframework/boot/spring-boot-starter-web/2.0.3.RELEASE/spring-boot-starter-web-2.0.3.RELEASE.jar:/home/pratyush/.m2/repository/org/springframework/boot/spring-boot-starter/2.0.3.RELEASE/spring-boot-starter-2.0.3.RELEASE.jar:/home/pratyush/.m2/repository/org/springframework/boot/spring-boot-starter-logging/2.0.3.RELEASE/spring-boot-starter-logging-2.0.3.RELEASE.jar:/home/pratyush/.m2/repository/ch/qos/logback/logback-classic/1.2.3/logback-classic-1.2.3.jar:/home/pratyush/.m2/repository/ch/qos/logback/logback-core/1.2.3/logback-core-1.2.3.jar:/home/pratyush/.m2/repository/org/apache/logging/log4j/log4j-to-slf4j/2.10.0/log4j-to-slf4j-2.10.0.jar:/home/pratyush/.m2/repository/org/apache/logging/log4j/log4j-api/2.10.0/log4j-api-2.10.0.jar:/home/pratyush/.m2/repository/org/slf4j/jul-to-slf4j/1.7.25/jul-to-slf4j-1.7.25.jar:/home/pratyush/.m2/repository/javax/annotation/javax.annotation-api/1.3.2/javax.annotation-api-1.3.2.jar:/home/pratyush/.m2/repository/org/yaml/snakeyaml/1.19/snakeyaml-1.19.jar:/home/pratyush/.m2/repository/org/springframework/boot/spring-boot-starter-json/2.0.3.RELEASE/spring-boot-starter-json-2.0.3.RELEASE.jar:/home/pratyush/.m2/repository/com/fasterxml/jackson/datatype/jackson-datatype-jdk8/2.9.6/jackson-datatype-jdk8-2.9.6.jar:/home/pratyush/.m2/repository/com/fasterxml/jackson/datatype/jackson-datatype-jsr310/2.9.6/jackson-datatype-jsr310-2.9.6.jar:/home/pratyush/.m2/repository/com/fasterxml/jackson/module/jackson-module-parameter-names/2.9.6/jackson-module-parameter-names-2.9.6.jar:/home/pratyush/.m2/repository/org/springframework/boot/spring-boot-starter-tomcat/2.0.3.RELEASE/spring-boot-starter-tomcat-2.0.3.RELEASE.jar:/home/pratyush/.m2/repository/org/apache/tomcat/embed/tomcat-embed-core/8.5.31/tomcat-embed-core-8.5.31.jar:/home/pratyush/.m2/repository/org/apache/tomcat/embed/tomcat-embed-el/8.5.31/tomcat-embed-el-8.5.31.jar:/home/pratyush/.m2/repository/org/apache/tomcat/embed/tomcat-embed-websocket/8.5.31/tomcat-embed-websocket-8.5.31.jar:/home/pratyush/.m2/repository/org/hibernate/validator/hibernate-validator/6.0.10.Final/hibernate-validator-6.0.10.Final.jar:/home/pratyush/.m2/repository/javax/validation/validation-api/2.0.1.Final/validation-api-2.0.1.Final.jar:/home/pratyush/.m2/repository/org/jboss/logging/jboss-logging/3.3.2.Final/jboss-logging-3.3.2.Final.jar:/home/pratyush/.m2/repository/com/fasterxml/classmate/1.3.4/classmate-1.3.4.jar:/home/pratyush/.m2/repository/org/springframework/spring-webmvc/5.0.7.RELEASE/spring-webmvc-5.0.7.RELEASE.jar:/home/pratyush/.m2/repository/org/springframework/boot/spring-boot-starter-test/2.0.3.RELEASE/spring-boot-starter-test-2.0.3.RELEASE.jar:/home/pratyush/.m2/repository/org/springframework/boot/spring-boot-test/2.0.3.RELEASE/spring-boot-test-2.0.3.RELEASE.jar:/home/pratyush/.m2/repository/org/springframework/boot/spring-boot-test-autoconfigure/2.0.3.RELEASE/spring-boot-test-autoconfigure-2.0.3.RELEASE.jar:/home/pratyush/.m2/repository/com/jayway/jsonpath/json-path/2.4.0/json-path-2.4.0.jar:/home/pratyush/.m2/repository/net/minidev/json-smart/2.3/json-smart-2.3.jar:/home/pratyush/.m2/repository/net/minidev/accessors-smart/1.2/accessors-smart-1.2.jar:/home/pratyush/.m2/repository/org/ow2/asm/asm/5.0.4/asm-5.0.4.jar:/home/pratyush/.m2/repository/org/slf4j/slf4j-api/1.7.25/slf4j-api-1.7.25.jar:/home/pratyush/.m2/repository/junit/junit/4.12/junit-4.12.jar:/home/pratyush/.m2/repository/org/assertj/assertj-core/3.9.1/assertj-core-3.9.1.jar:/home/pratyush/.m2/repository/org/mockito/mockito-core/2.15.0/mockito-core-2.15.0.jar:/home/pratyush/.m2/repository/net/bytebuddy/byte-buddy/1.7.9/byte-buddy-1.7.9.jar:/home/pratyush/.m2/repository/net/bytebuddy/byte-buddy-agent/1.7.9/byte-buddy-agent-1.7.9.jar:/home/pratyush/.m2/repository/org/objenesis/objenesis/2.6/objenesis-2.6.jar:/home/pratyush/.m2/repository/org/hamcrest/hamcrest-core/1.3/hamcrest-core-1.3.jar:/home/pratyush/.m2/repository/org/hamcrest/hamcrest-library/1.3/hamcrest-library-1.3.jar:/home/pratyush/.m2/repository/org/skyscreamer/jsonassert/1.5.0/jsonassert-1.5.0.jar:/home/pratyush/.m2/repository/com/vaadin/external/google/android-json/0.0.20131108.vaadin1/android-json-0.0.20131108.vaadin1.jar:/home/pratyush/.m2/repository/org/springframework/spring-test/5.0.7.RELEASE/spring-test-5.0.7.RELEASE.jar:/home/pratyush/.m2/repository/org/xmlunit/xmlunit-core/2.5.1/xmlunit-core-2.5.1.jar:/home/pratyush/.m2/repository/org/springframework/boot/spring-boot-starter-security/2.0.4.RELEASE/spring-boot-starter-security-2.0.4.RELEASE.jar:/home/pratyush/.m2/repository/org/springframework/spring-aop/5.0.8.RELEASE/spring-aop-5.0.8.RELEASE.jar:/home/pratyush/.m2/repository/org/springframework/security/spring-security-config/5.0.7.RELEASE/spring-security-config-5.0.7.RELEASE.jar:/home/pratyush/.m2/repository/org/springframework/security/spring-security-core/5.0.7.RELEASE/spring-security-core-5.0.7.RELEASE.jar:/home/pratyush/.m2/repository/org/springframework/security/spring-security-web/5.0.7.RELEASE/spring-security-web-5.0.7.RELEASE.jar:/home/pratyush/.m2/repository/org/springframework/boot/spring-boot/2.0.4.RELEASE/spring-boot-2.0.4.RELEASE.jar:/home/pratyush/.m2/repository/org/springframework/spring-context/5.0.7.RELEASE/spring-context-5.0.7.RELEASE.jar:/home/pratyush/.m2/repository/org/springframework/spring-beans/5.0.7.RELEASE/spring-beans-5.0.7.RELEASE.jar:/home/pratyush/.m2/repository/org/springframework/spring-expression/5.0.7.RELEASE/spring-expression-5.0.7.RELEASE.jar:/home/pratyush/.m2/repository/org/springframework/spring-core/5.0.7.RELEASE/spring-core-5.0.7.RELEASE.jar:/home/pratyush/.m2/repository/org/springframework/spring-jcl/5.0.7.RELEASE/spring-jcl-5.0.7.RELEASE.jar:/home/pratyush/.m2/repository/org/springframework/boot/spring-boot-autoconfigure/2.0.3.RELEASE/spring-boot-autoconfigure-2.0.3.RELEASE.jar:/home/pratyush/.m2/repository/org/springframework/spring-web/5.0.7.RELEASE/spring-web-5.0.7.RELEASE.jar:/home/pratyush/.m2/repository/io/jsonwebtoken/jjwt/0.9.1/jjwt-0.9.1.jar:/home/pratyush/.m2/repository/com/fasterxml/jackson/core/jackson-databind/2.9.6/jackson-databind-2.9.6.jar:/home/pratyush/.m2/repository/com/fasterxml/jackson/core/jackson-annotations/2.9.0/jackson-annotations-2.9.0.jar:/home/pratyush/.m2/repository/com/fasterxml/jackson/core/jackson-core/2.9.6/jackson-core-2.9.6.jar:/home/pratyush/.m2/repository/org/junit/jupiter/junit-jupiter-api/5.1.0/junit-jupiter-api-5.1.0.jar:/home/pratyush/.m2/repository/org/apiguardian/apiguardian-api/1.0.0/apiguardian-api-1.0.0.jar:/home/pratyush/.m2/repository/org/opentest4j/opentest4j/1.0.0/opentest4j-1.0.0.jar:/home/pratyush/.m2/repository/org/junit/platform/junit-platform-commons/1.1.0/junit-platform-commons-1.1.0.jar:/home/pratyush/.m2/repository/org/mongodb/mongodb-driver-sync/3.9.1/mongodb-driver-sync-3.9.1.jar:/home/pratyush/.m2/repository/org/mongodb/bson/3.9.1/bson-3.9.1.jar:/home/pratyush/.m2/repository/org/mongodb/mongodb-driver-core/3.9.1/mongodb-driver-core-3.9.1.jar:, java.vm.vendor=Ubuntu, sun.arch.data.model=64, java.vendor.url=https://ubuntu.com/, user.timezone=Asia/Kolkata, os.name=Linux, java.vm.specification.version=11, sun.java.launcher=SUN_STANDARD, user.country=IN, sun.boot.library.path=/usr/lib/jvm/java-11-openjdk-amd64/lib, sun.java.command=/home/pratyush/Documents/mongo-course/mflix/target/surefire/surefirebooter8901481966842249296.jar /home/pratyush/Documents/mongo-course/mflix/target/surefire 2020-04-26T02-38-58_310-jvmRun1 surefire9709883466114790329tmp surefire_09489827338072317121tmp, jdk.debug=release, surefire.test.class.path=/home/pratyush/Documents/mongo-course/mflix/target/test-classes:/home/pratyush/Documents/mongo-course/mflix/target/classes:/home/pratyush/.m2/repository/org/springframework/boot/spring-boot-starter-web/2.0.3.RELEASE/spring-boot-starter-web-2.0.3.RELEASE.jar:/home/pratyush/.m2/repository/org/springframework/boot/spring-boot-starter/2.0.3.RELEASE/spring-boot-starter-2.0.3.RELEASE.jar:/home/pratyush/.m2/repository/org/springframework/boot/spring-boot-starter-logging/2.0.3.RELEASE/spring-boot-starter-logging-2.0.3.RELEASE.jar:/home/pratyush/.m2/repository/ch/qos/logback/logback-classic/1.2.3/logback-classic-1.2.3.jar:/home/pratyush/.m2/repository/ch/qos/logback/logback-core/1.2.3/logback-core-1.2.3.jar:/home/pratyush/.m2/repository/org/apache/logging/log4j/log4j-to-slf4j/2.10.0/log4j-to-slf4j-2.10.0.jar:/home/pratyush/.m2/repository/org/apache/logging/log4j/log4j-api/2.10.0/log4j-api-2.10.0.jar:/home/pratyush/.m2/repository/org/slf4j/jul-to-slf4j/1.7.25/jul-to-slf4j-1.7.25.jar:/home/pratyush/.m2/repository/javax/annotation/javax.annotation-api/1.3.2/javax.annotation-api-1.3.2.jar:/home/pratyush/.m2/repository/org/yaml/snakeyaml/1.19/snakeyaml-1.19.jar:/home/pratyush/.m2/repository/org/springframework/boot/spring-boot-starter-json/2.0.3.RELEASE/spring-boot-starter-json-2.0.3.RELEASE.jar:/home/pratyush/.m2/repository/com/fasterxml/jackson/datatype/jackson-datatype-jdk8/2.9.6/jackson-datatype-jdk8-2.9.6.jar:/home/pratyush/.m2/repository/com/fasterxml/jackson/datatype/jackson-datatype-jsr310/2.9.6/jackson-datatype-jsr310-2.9.6.jar:/home/pratyush/.m2/repository/com/fasterxml/jackson/module/jackson-module-parameter-names/2.9.6/jackson-module-parameter-names-2.9.6.jar:/home/pratyush/.m2/repository/org/springframework/boot/spring-boot-starter-tomcat/2.0.3.RELEASE/spring-boot-starter-tomcat-2.0.3.RELEASE.jar:/home/pratyush/.m2/repository/org/apache/tomcat/embed/tomcat-embed-core/8.5.31/tomcat-embed-core-8.5.31.jar:/home/pratyush/.m2/repository/org/apache/tomcat/embed/tomcat-embed-el/8.5.31/tomcat-embed-el-8.5.31.jar:/home/pratyush/.m2/repository/org/apache/tomcat/embed/tomcat-embed-websocket/8.5.31/tomcat-embed-websocket-8.5.31.jar:/home/pratyush/.m2/repository/org/hibernate/validator/hibernate-validator/6.0.10.Final/hibernate-validator-6.0.10.Final.jar:/home/pratyush/.m2/repository/javax/validation/validation-api/2.0.1.Final/validation-api-2.0.1.Final.jar:/home/pratyush/.m2/repository/org/jboss/logging/jboss-logging/3.3.2.Final/jboss-logging-3.3.2.Final.jar:/home/pratyush/.m2/repository/com/fasterxml/classmate/1.3.4/classmate-1.3.4.jar:/home/pratyush/.m2/repository/org/springframework/spring-webmvc/5.0.7.RELEASE/spring-webmvc-5.0.7.RELEASE.jar:/home/pratyush/.m2/repository/org/springframework/boot/spring-boot-starter-test/2.0.3.RELEASE/spring-boot-starter-test-2.0.3.RELEASE.jar:/home/pratyush/.m2/repository/org/springframework/boot/spring-boot-test/2.0.3.RELEASE/spring-boot-test-2.0.3.RELEASE.jar:/home/pratyush/.m2/repository/org/springframework/boot/spring-boot-test-autoconfigure/2.0.3.RELEASE/spring-boot-test-autoconfigure-2.0.3.RELEASE.jar:/home/pratyush/.m2/repository/com/jayway/jsonpath/json-path/2.4.0/json-path-2.4.0.jar:/home/pratyush/.m2/repository/net/minidev/json-smart/2.3/json-smart-2.3.jar:/home/pratyush/.m2/repository/net/minidev/accessors-smart/1.2/accessors-smart-1.2.jar:/home/pratyush/.m2/repository/org/ow2/asm/asm/5.0.4/asm-5.0.4.jar:/home/pratyush/.m2/repository/org/slf4j/slf4j-api/1.7.25/slf4j-api-1.7.25.jar:/home/pratyush/.m2/repository/junit/junit/4.12/junit-4.12.jar:/home/pratyush/.m2/repository/org/assertj/assertj-core/3.9.1/assertj-core-3.9.1.jar:/home/pratyush/.m2/repository/org/mockito/mockito-core/2.15.0/mockito-core-2.15.0.jar:/home/pratyush/.m2/repository/net/bytebuddy/byte-buddy/1.7.9/byte-buddy-1.7.9.jar:/home/pratyush/.m2/repository/net/bytebuddy/byte-buddy-agent/1.7.9/byte-buddy-agent-1.7.9.jar:/home/pratyush/.m2/repository/org/objenesis/objenesis/2.6/objenesis-2.6.jar:/home/pratyush/.m2/repository/org/hamcrest/hamcrest-core/1.3/hamcrest-core-1.3.jar:/home/pratyush/.m2/repository/org/hamcrest/hamcrest-library/1.3/hamcrest-library-1.3.jar:/home/pratyush/.m2/repository/org/skyscreamer/jsonassert/1.5.0/jsonassert-1.5.0.jar:/home/pratyush/.m2/repository/com/vaadin/external/google/android-json/0.0.20131108.vaadin1/android-json-0.0.20131108.vaadin1.jar:/home/pratyush/.m2/repository/org/springframework/spring-test/5.0.7.RELEASE/spring-test-5.0.7.RELEASE.jar:/home/pratyush/.m2/repository/org/xmlunit/xmlunit-core/2.5.1/xmlunit-core-2.5.1.jar:/home/pratyush/.m2/repository/org/springframework/boot/spring-boot-starter-security/2.0.4.RELEASE/spring-boot-starter-security-2.0.4.RELEASE.jar:/home/pratyush/.m2/repository/org/springframework/spring-aop/5.0.8.RELEASE/spring-aop-5.0.8.RELEASE.jar:/home/pratyush/.m2/repository/org/springframework/security/spring-security-config/5.0.7.RELEASE/spring-security-config-5.0.7.RELEASE.jar:/home/pratyush/.m2/repository/org/springframework/security/spring-security-core/5.0.7.RELEASE/spring-security-core-5.0.7.RELEASE.jar:/home/pratyush/.m2/repository/org/springframework/security/spring-security-web/5.0.7.RELEASE/spring-security-web-5.0.7.RELEASE.jar:/home/pratyush/.m2/repository/org/springframework/boot/spring-boot/2.0.4.RELEASE/spring-boot-2.0.4.RELEASE.jar:/home/pratyush/.m2/repository/org/springframework/spring-context/5.0.7.RELEASE/spring-context-5.0.7.RELEASE.jar:/home/pratyush/.m2/repository/org/springframework/spring-beans/5.0.7.RELEASE/spring-beans-5.0.7.RELEASE.jar:/home/pratyush/.m2/repository/org/springframework/spring-expression/5.0.7.RELEASE/spring-expression-5.0.7.RELEASE.jar:/home/pratyush/.m2/repository/org/springframework/spring-core/5.0.7.RELEASE/spring-core-5.0.7.RELEASE.jar:/home/pratyush/.m2/repository/org/springframework/spring-jcl/5.0.7.RELEASE/spring-jcl-5.0.7.RELEASE.jar:/home/pratyush/.m2/repository/org/springframework/boot/spring-boot-autoconfigure/2.0.3.RELEASE/spring-boot-autoconfigure-2.0.3.RELEASE.jar:/home/pratyush/.m2/repository/org/springframework/spring-web/5.0.7.RELEASE/spring-web-5.0.7.RELEASE.jar:/home/pratyush/.m2/repository/io/jsonwebtoken/jjwt/0.9.1/jjwt-0.9.1.jar:/home/pratyush/.m2/repository/com/fasterxml/jackson/core/jackson-databind/2.9.6/jackson-databind-2.9.6.jar:/home/pratyush/.m2/repository/com/fasterxml/jackson/core/jackson-annotations/2.9.0/jackson-annotations-2.9.0.jar:/home/pratyush/.m2/repository/com/fasterxml/jackson/core/jackson-core/2.9.6/jackson-core-2.9.6.jar:/home/pratyush/.m2/repository/org/junit/jupiter/junit-jupiter-api/5.1.0/junit-jupiter-api-5.1.0.jar:/home/pratyush/.m2/repository/org/apiguardian/apiguardian-api/1.0.0/apiguardian-api-1.0.0.jar:/home/pratyush/.m2/repository/org/opentest4j/opentest4j/1.0.0/opentest4j-1.0.0.jar:/home/pratyush/.m2/repository/org/junit/platform/junit-platform-commons/1.1.0/junit-platform-commons-1.1.0.jar:/home/pratyush/.m2/repository/org/mongodb/mongodb-driver-sync/3.9.1/mongodb-driver-sync-3.9.1.jar:/home/pratyush/.m2/repository/org/mongodb/bson/3.9.1/bson-3.9.1.jar:/home/pratyush/.m2/repository/org/mongodb/mongodb-driver-core/3.9.1/mongodb-driver-core-3.9.1.jar:, sun.cpu.endian=little, user.home=/home/pratyush, user.language=en, java.specification.vendor=Oracle Corporation, java.version.date=2020-01-14, java.home=/usr/lib/jvm/java-11-openjdk-amd64, file.separator=/, basedir=/home/pratyush/Documents/mongo-course/mflix, java.vm.compressedOopsMode=32-bit, line.separator=
, java.specification.name=Java Platform API Specification, java.vm.specification.vendor=Oracle Corporation, java.awt.graphicsenv=sun.awt.X11GraphicsEnvironment, surefire.real.class.path=/home/pratyush/Documents/mongo-course/mflix/target/surefire/surefirebooter8901481966842249296.jar, sun.management.compiler=HotSpot 64-Bit Tiered Compilers, java.runtime.version=11.0.6+10-post-Ubuntu-1ubuntu118.04.1, user.name=pratyush, path.separator=:, os.version=4.15.0-96-generic, java.runtime.name=OpenJDK Runtime Environment, file.encoding=UTF-8, java.vm.name=OpenJDK 64-Bit Server VM, localRepository=/home/pratyush/.m2/repository, java.vendor.url.bug=https://bugs.launchpad.net/ubuntu/+source/openjdk-lts, java.io.tmpdir=/tmp, java.version=11.0.6, user.dir=/home/pratyush/Documents/mongo-course/mflix, os.arch=amd64, java.vm.specification.name=Java Virtual Machine Specification, java.awt.printerjob=sun.print.PSPrinterJob, sun.os.patch.level=unknown, java.library.path=/usr/java/packages/lib:/usr/lib/x86_64-linux-gnu/jni:/lib/x86_64-linux-gnu:/usr/lib/x86_64-linux-gnu:/usr/lib/jni:/lib:/usr/lib, java.vendor=Ubuntu, java.vm.info=mixed mode, sharing, java.vm.version=11.0.6+10-post-Ubuntu-1ubuntu118.04.1, sun.io.unicode.encoding=UnicodeLittle, java.class.version=55.0}}, SystemEnvironmentPropertySource@2045036434 {name='systemEnvironment', properties={PATH=/home/pratyush/.local/bin:/usr/local/sbin:/usr/local/bin:/usr/sbin:/usr/bin:/sbin:/bin:/usr/games:/usr/local/games:/snap/bin, XAUTHORITY=/run/user/1000/gdm/Xauthority, INVOCATION_ID=70f8003befd443bfb9c7808abc54e3b4, XMODIFIERS=@im=ibus, XDG_DATA_DIRS=/usr/share/ubuntu:/usr/local/share/:/usr/share/:/var/lib/snapd/desktop, GDMSESSION=ubuntu, MANDATORY_PATH=/usr/share/gconf/ubuntu.mandatory.path, TEXTDOMAINDIR=/usr/share/locale/, GTK_IM_MODULE=ibus, DBUS_SESSION_BUS_ADDRESS=unix:path=/run/user/1000/bus,guid=2f9a00b1db630ac7fbe734445ea49000, DEFAULTS_PATH=/usr/share/gconf/ubuntu.default.path, XDG_CURRENT_DESKTOP=ubuntu:GNOME, JOURNAL_STREAM=9:32636, SSH_AGENT_PID=1769, COLORTERM=truecolor, QT4_IM_MODULE=xim, SESSION_MANAGER=local/pratyush-VPCEH26EN:@/tmp/.ICE-unix/1673,unix/pratyush-VPCEH26EN:/tmp/.ICE-unix/1673, USERNAME=pratyush, LOGNAME=pratyush, PWD=/home/pratyush/Documents/mongo-course/mflix, MANAGERPID=1643, IM_CONFIG_PHASE=2, SHELL=/bin/bash, LESSOPEN=| /usr/bin/lesspipe %s, OLDPWD=/home/pratyush/Documents/mongo-course/mflix, GNOME_DESKTOP_SESSION_ID=this-is-deprecated, GNOME_TERMINAL_SCREEN=/org/gnome/Terminal/screen/6457cc58_a98e_4c79_9601_83d713835be1, GTK_MODULES=gail:atk-bridge, CLUTTER_IM_MODULE=xim, TEXTDOMAIN=im-config, DBUS_STARTER_ADDRESS=unix:path=/run/user/1000/bus,guid=2f9a00b1db630ac7fbe734445ea49000, LS_COLORS=rs=0:di=01;34:ln=01;36:mh=00:pi=40;33:so=01;35:do=01;35:bd=40;33;01:cd=40;33;01:or=40;31;01:mi=00:su=37;41:sg=30;43:ca=30;41:tw=30;42:ow=34;42:st=37;44:ex=01;32:*.tar=01;31:*.tgz=01;31:*.arc=01;31:*.arj=01;31:*.taz=01;31:*.lha=01;31:*.lz4=01;31:*.lzh=01;31:*.lzma=01;31:*.tlz=01;31:*.txz=01;31:*.tzo=01;31:*.t7z=01;31:*.zip=01;31:*.z=01;31:*.Z=01;31:*.dz=01;31:*.gz=01;31:*.lrz=01;31:*.lz=01;31:*.lzo=01;31:*.xz=01;31:*.zst=01;31:*.tzst=01;31:*.bz2=01;31:*.bz=01;31:*.tbz=01;31:*.tbz2=01;31:*.tz=01;31:*.deb=01;31:*.rpm=01;31:*.jar=01;31:*.war=01;31:*.ear=01;31:*.sar=01;31:*.rar=01;31:*.alz=01;31:*.ace=01;31:*.zoo=01;31:*.cpio=01;31:*.7z=01;31:*.rz=01;31:*.cab=01;31:*.wim=01;31:*.swm=01;31:*.dwm=01;31:*.esd=01;31:*.jpg=01;35:*.jpeg=01;35:*.mjpg=01;35:*.mjpeg=01;35:*.gif=01;35:*.bmp=01;35:*.pbm=01;35:*.pgm=01;35:*.ppm=01;35:*.tga=01;35:*.xbm=01;35:*.xpm=01;35:*.tif=01;35:*.tiff=01;35:*.png=01;35:*.svg=01;35:*.svgz=01;35:*.mng=01;35:*.pcx=01;35:*.mov=01;35:*.mpg=01;35:*.mpeg=01;35:*.m2v=01;35:*.mkv=01;35:*.webm=01;35:*.ogm=01;35:*.mp4=01;35:*.m4v=01;35:*.mp4v=01;35:*.vob=01;35:*.qt=01;35:*.nuv=01;35:*.wmv=01;35:*.asf=01;35:*.rm=01;35:*.rmvb=01;35:*.flc=01;35:*.avi=01;35:*.fli=01;35:*.flv=01;35:*.gl=01;35:*.dl=01;35:*.xcf=01;35:*.xwd=01;35:*.yuv=01;35:*.cgm=01;35:*.emf=01;35:*.ogv=01;35:*.ogx=01;35:*.aac=00;36:*.au=00;36:*.flac=00;36:*.m4a=00;36:*.mid=00;36:*.midi=00;36:*.mka=00;36:*.mp3=00;36:*.mpc=00;36:*.ogg=00;36:*.ra=00;36:*.wav=00;36:*.oga=00;36:*.opus=00;36:*.spx=00;36:*.xspf=00;36:, XDG_SESSION_DESKTOP=ubuntu, SHLVL=1, LESSCLOSE=/usr/bin/lesspipe %s %s, QT_IM_MODULE=ibus, TERM=xterm-256color, XDG_CONFIG_DIRS=/etc/xdg/xdg-ubuntu:/etc/xdg, GNOME_TERMINAL_SERVICE=:1.96, LANG=en_IN, XDG_SESSION_ID=4, XDG_SESSION_TYPE=x11, DISPLAY=:1, MAVEN_CMD_LINE_ARGS= clean install, _=/usr/bin/mvn, GPG_AGENT_INFO=/run/user/1000/gnupg/S.gpg-agent:0:1, MAVEN_PROJECTBASEDIR=/home/pratyush/Documents/mongo-course/mflix, DESKTOP_SESSION=ubuntu, USER=pratyush, XDG_MENU_PREFIX=gnome-, VTE_VERSION=5202, QT_ACCESSIBILITY=1, WINDOWPATH=2, SSH_AUTH_SOCK=/run/user/1000/keyring/ssh, XDG_SEAT=seat0, GNOME_SHELL_SESSION_MODE=ubuntu, XDG_VTNR=2, XDG_RUNTIME_DIR=/run/user/1000, DBUS_STARTER_BUS_TYPE=session, HOME=/home/pratyush}}]
02:39:12.782 [main] DEBUG org.springframework.test.context.support.TestPropertySourceUtils - Adding inlined properties to environment: {spring.jmx.enabled=false, org.springframework.boot.test.context.SpringBootTestContextBootstrapper=true, server.port=-1}
02:39:12.783 [main] DEBUG org.springframework.core.env.StandardEnvironment - Adding PropertySource 'Inlined Test Properties' with highest search precedence

  .   ____          _            __ _ _
 /\\ / ___'_ __ _ _(_)_ __  __ _ \ \ \ \
( ( )\___ | '_ | '_| | '_ \/ _` | \ \ \ \
 \\/  ___)| |_)| | | | | || (_| |  ) ) ) )
  '  |____| .__|_| |_|_| |_\__, | / / / /
 =========|_|==============|___/=/_/_/_/
 :: Spring Boot ::        (v2.0.4.RELEASE)

2020-04-26 02:39:15.813  INFO 5544 --- [           main] mflix.api.daos.UserTest                  : Starting UserTest on pratyush-VPCEH26EN with PID 5544 (started by pratyush in /home/pratyush/Documents/mongo-course/mflix)
2020-04-26 02:39:15.836  INFO 5544 --- [           main] mflix.api.daos.UserTest                  : No active profile set, falling back to default profiles: default
2020-04-26 02:39:16.070  INFO 5544 --- [           main] o.s.w.c.s.GenericWebApplicationContext   : Refreshing org.springframework.web.context.support.GenericWebApplicationContext@70f02c32: startup date [Sun Apr 26 02:39:16 IST 2020]; root of context hierarchy
2020-04-26 02:39:25.723  INFO 5544 --- [           main] org.mongodb.driver.cluster               : Cluster created with settings {hosts=[mflix-shard-00-02-xqewh.mongodb.net:27017, mflix-shard-00-01-xqewh.mongodb.net:27017, mflix-shard-00-00-xqewh.mongodb.net:27017], mode=MULTIPLE, requiredClusterType=REPLICA_SET, serverSelectionTimeout='30000 ms', maxWaitQueueSize=500, requiredReplicaSetName='mflix-shard-0'}
2020-04-26 02:39:25.726  INFO 5544 --- [           main] org.mongodb.driver.cluster               : Adding discovered server mflix-shard-00-02-xqewh.mongodb.net:27017 to client view of cluster
2020-04-26 02:39:25.939  INFO 5544 --- [           main] org.mongodb.driver.cluster               : Adding discovered server mflix-shard-00-01-xqewh.mongodb.net:27017 to client view of cluster
2020-04-26 02:39:25.949  INFO 5544 --- [           main] org.mongodb.driver.cluster               : Adding discovered server mflix-shard-00-00-xqewh.mongodb.net:27017 to client view of cluster
2020-04-26 02:39:29.325  INFO 5544 --- [           main] o.s.w.s.handler.SimpleUrlHandlerMapping  : Mapped URL path [/**/favicon.ico] onto handler of type [class org.springframework.web.servlet.resource.ResourceHttpRequestHandler]
2020-04-26 02:39:31.464  INFO 5544 --- [           main] s.w.s.m.m.a.RequestMappingHandlerAdapter : Looking for @ControllerAdvice: org.springframework.web.context.support.GenericWebApplicationContext@70f02c32: startup date [Sun Apr 26 02:39:16 IST 2020]; root of context hierarchy
2020-04-26 02:39:31.467  INFO 5544 --- [ngodb.net:27017] org.mongodb.driver.connection            : Opened connection [connectionId{localValue:1, serverValue:12148}] to mflix-shard-00-00-xqewh.mongodb.net:27017
2020-04-26 02:39:31.464  INFO 5544 --- [ngodb.net:27017] org.mongodb.driver.connection            : Opened connection [connectionId{localValue:3, serverValue:9908}] to mflix-shard-00-01-xqewh.mongodb.net:27017
2020-04-26 02:39:31.792  INFO 5544 --- [ngodb.net:27017] org.mongodb.driver.cluster               : Monitor thread successfully connected to server with description ServerDescription{address=mflix-shard-00-01-xqewh.mongodb.net:27017, type=REPLICA_SET_SECONDARY, state=CONNECTED, ok=true, version=ServerVersion{versionList=[4, 2, 6]}, minWireVersion=0, maxWireVersion=8, maxDocumentSize=16777216, logicalSessionTimeoutMinutes=30, roundTripTimeNanos=308614193, setName='mflix-shard-0', canonicalAddress=mflix-shard-00-01-xqewh.mongodb.net:27017, hosts=[mflix-shard-00-02-xqewh.mongodb.net:27017, mflix-shard-00-01-xqewh.mongodb.net:27017, mflix-shard-00-00-xqewh.mongodb.net:27017], passives=[], arbiters=[], primary='mflix-shard-00-02-xqewh.mongodb.net:27017', tagSet=TagSet{[Tag{name='nodeType', value='ELECTABLE'}, Tag{name='provider', value='AWS'}, Tag{name='region', value='US_EAST_1'}]}, electionId=null, setVersion=2, lastWriteDate=Sun Apr 26 02:39:31 IST 2020, lastUpdateTimeNanos=6279655432501}
2020-04-26 02:39:31.892  INFO 5544 --- [ngodb.net:27017] org.mongodb.driver.cluster               : Monitor thread successfully connected to server with description ServerDescription{address=mflix-shard-00-00-xqewh.mongodb.net:27017, type=REPLICA_SET_SECONDARY, state=CONNECTED, ok=true, version=ServerVersion{versionList=[4, 2, 6]}, minWireVersion=0, maxWireVersion=8, maxDocumentSize=16777216, logicalSessionTimeoutMinutes=30, roundTripTimeNanos=415193279, setName='mflix-shard-0', canonicalAddress=mflix-shard-00-00-xqewh.mongodb.net:27017, hosts=[mflix-shard-00-02-xqewh.mongodb.net:27017, mflix-shard-00-01-xqewh.mongodb.net:27017, mflix-shard-00-00-xqewh.mongodb.net:27017], passives=[], arbiters=[], primary='mflix-shard-00-02-xqewh.mongodb.net:27017', tagSet=TagSet{[Tag{name='provider', value='AWS'}, Tag{name='nodeType', value='ELECTABLE'}, Tag{name='region', value='US_EAST_1'}]}, electionId=null, setVersion=2, lastWriteDate=Sun Apr 26 02:39:31 IST 2020, lastUpdateTimeNanos=6279759315410}
2020-04-26 02:39:32.176  INFO 5544 --- [           main] s.w.s.m.m.a.RequestMappingHandlerMapping : Mapped "{[/error]}" onto public org.springframework.http.ResponseEntity<java.util.Map<java.lang.String, java.lang.Object>> org.springframework.boot.autoconfigure.web.servlet.error.BasicErrorController.error(javax.servlet.http.HttpServletRequest)
2020-04-26 02:39:32.196  INFO 5544 --- [           main] s.w.s.m.m.a.RequestMappingHandlerMapping : Mapped "{[/error],produces=[text/html]}" onto public org.springframework.web.servlet.ModelAndView org.springframework.boot.autoconfigure.web.servlet.error.BasicErrorController.errorHtml(javax.servlet.http.HttpServletRequest,javax.servlet.http.HttpServletResponse)
2020-04-26 02:39:32.466  INFO 5544 --- [           main] o.s.w.s.handler.SimpleUrlHandlerMapping  : Mapped URL path [/webjars/**] onto handler of type [class org.springframework.web.servlet.resource.ResourceHttpRequestHandler]
2020-04-26 02:39:32.467  INFO 5544 --- [           main] o.s.w.s.handler.SimpleUrlHandlerMapping  : Mapped URL path [/**] onto handler of type [class org.springframework.web.servlet.resource.ResourceHttpRequestHandler]
2020-04-26 02:39:32.779  INFO 5544 --- [           main] o.s.b.a.w.s.WelcomePageHandlerMapping    : Adding welcome page: class path resource [build/index.html]
2020-04-26 02:39:33.505  INFO 5544 --- [ngodb.net:27017] org.mongodb.driver.connection            : Opened connection [connectionId{localValue:2, serverValue:11764}] to mflix-shard-00-02-xqewh.mongodb.net:27017
2020-04-26 02:39:33.799  INFO 5544 --- [ngodb.net:27017] org.mongodb.driver.cluster               : Monitor thread successfully connected to server with description ServerDescription{address=mflix-shard-00-02-xqewh.mongodb.net:27017, type=REPLICA_SET_PRIMARY, state=CONNECTED, ok=true, version=ServerVersion{versionList=[4, 2, 6]}, minWireVersion=0, maxWireVersion=8, maxDocumentSize=16777216, logicalSessionTimeoutMinutes=30, roundTripTimeNanos=290331635, setName='mflix-shard-0', canonicalAddress=mflix-shard-00-02-xqewh.mongodb.net:27017, hosts=[mflix-shard-00-02-xqewh.mongodb.net:27017, mflix-shard-00-01-xqewh.mongodb.net:27017, mflix-shard-00-00-xqewh.mongodb.net:27017], passives=[], arbiters=[], primary='mflix-shard-00-02-xqewh.mongodb.net:27017', tagSet=TagSet{[Tag{name='nodeType', value='ELECTABLE'}, Tag{name='provider', value='AWS'}, Tag{name='region', value='US_EAST_1'}]}, electionId=7fffffff0000000000000002, setVersion=2, lastWriteDate=Sun Apr 26 02:39:33 IST 2020, lastUpdateTimeNanos=6281666312241}
2020-04-26 02:39:33.804  INFO 5544 --- [ngodb.net:27017] org.mongodb.driver.cluster               : Setting max election id to 7fffffff0000000000000002 from replica set primary mflix-shard-00-02-xqewh.mongodb.net:27017
2020-04-26 02:39:33.807  INFO 5544 --- [ngodb.net:27017] org.mongodb.driver.cluster               : Setting max set version to 2 from replica set primary mflix-shard-00-02-xqewh.mongodb.net:27017
2020-04-26 02:39:33.812  INFO 5544 --- [ngodb.net:27017] org.mongodb.driver.cluster               : Discovered replica set primary mflix-shard-00-02-xqewh.mongodb.net:27017
2020-04-26 02:39:34.160  INFO 5544 --- [           main] .s.s.UserDetailsServiceAutoConfiguration : 

Using generated security password: 3c7df8df-fa91-4cf3-bfd2-5a3e07390fe7

2020-04-26 02:39:35.210  INFO 5544 --- [           main] o.s.s.web.DefaultSecurityFilterChain     : Creating filter chain: org.springframework.security.web.util.matcher.AnyRequestMatcher@1, [org.springframework.security.web.context.request.async.WebAsyncManagerIntegrationFilter@49469ffa, org.springframework.security.web.context.SecurityContextPersistenceFilter@7316523a, org.springframework.security.web.header.HeaderWriterFilter@12b5736c, org.springframework.security.web.csrf.CsrfFilter@2d85fb64, org.springframework.security.web.authentication.logout.LogoutFilter@2b1cd7bc, org.springframework.security.web.authentication.UsernamePasswordAuthenticationFilter@38b3f208, org.springframework.security.web.authentication.ui.DefaultLoginPageGeneratingFilter@75b6dd5b, org.springframework.security.web.authentication.www.BasicAuthenticationFilter@217bf99e, org.springframework.security.web.savedrequest.RequestCacheAwareFilter@1a1cc163, org.springframework.security.web.servletapi.SecurityContextHolderAwareRequestFilter@4d634127, org.springframework.security.web.authentication.AnonymousAuthenticationFilter@4d9754a8, org.springframework.security.web.session.SessionManagementFilter@2cd4e16a, org.springframework.security.web.access.ExceptionTranslationFilter@6d08b4e6, org.springframework.security.web.access.intercept.FilterSecurityInterceptor@6ef60295]
2020-04-26 02:39:36.046  INFO 5544 --- [           main] mflix.api.daos.UserTest                  : Started UserTest in 23.215 seconds (JVM running for 29.029)
2020-04-26 02:39:39.793  INFO 5544 --- [           main] org.mongodb.driver.connection            : Opened connection [connectionId{localValue:4, serverValue:11818}] to mflix-shard-00-02-xqewh.mongodb.net:27017
]]></system-out>
  </testcase>
  <testcase name="testRegisterUser" classname="mflix.api.daos.UserTest" time="1.493">
    <error type="java.lang.NullPointerException">java.lang.NullPointerException
	at mflix.api.daos.UserTest.testRegisterUser(UserTest.java:71)
</error>
    <system-out><![CDATA[2020-04-26 02:39:42.232  INFO 5544 --- [ngodb.net:27017] org.mongodb.driver.cluster               : Monitor thread successfully connected to server with description ServerDescription{address=mflix-shard-00-01-xqewh.mongodb.net:27017, type=REPLICA_SET_SECONDARY, state=CONNECTED, ok=true, version=ServerVersion{versionList=[4, 2, 6]}, minWireVersion=0, maxWireVersion=8, maxDocumentSize=16777216, logicalSessionTimeoutMinutes=30, roundTripTimeNanos=303658882, setName='mflix-shard-0', canonicalAddress=mflix-shard-00-01-xqewh.mongodb.net:27017, hosts=[mflix-shard-00-02-xqewh.mongodb.net:27017, mflix-shard-00-01-xqewh.mongodb.net:27017, mflix-shard-00-00-xqewh.mongodb.net:27017], passives=[], arbiters=[], primary='mflix-shard-00-02-xqewh.mongodb.net:27017', tagSet=TagSet{[Tag{name='provider', value='AWS'}, Tag{name='nodeType', value='ELECTABLE'}, Tag{name='region', value='US_EAST_1'}]}, electionId=null, setVersion=2, lastWriteDate=Sun Apr 26 02:39:41 IST 2020, lastUpdateTimeNanos=6290097720372}
]]></system-out>
  </testcase>
  <testcase name="testDeleteUser" classname="mflix.api.daos.UserTest" time="1.454">
    <failure message="You should be able to delete correctly the testDb user. Check your delete filter" type="java.lang.AssertionError">java.lang.AssertionError: You should be able to delete correctly the testDb user. Check your delete filter
	at mflix.api.daos.UserTest.testDeleteUser(UserTest.java:107)
</failure>
    <system-out><![CDATA[2020-04-26 02:39:44.105  INFO 5544 --- [ngodb.net:27017] org.mongodb.driver.cluster               : Monitor thread successfully connected to server with description ServerDescription{address=mflix-shard-00-02-xqewh.mongodb.net:27017, type=REPLICA_SET_PRIMARY, state=CONNECTED, ok=true, version=ServerVersion{versionList=[4, 2, 6]}, minWireVersion=0, maxWireVersion=8, maxDocumentSize=16777216, logicalSessionTimeoutMinutes=30, roundTripTimeNanos=289686756, setName='mflix-shard-0', canonicalAddress=mflix-shard-00-02-xqewh.mongodb.net:27017, hosts=[mflix-shard-00-02-xqewh.mongodb.net:27017, mflix-shard-00-01-xqewh.mongodb.net:27017, mflix-shard-00-00-xqewh.mongodb.net:27017], passives=[], arbiters=[], primary='mflix-shard-00-02-xqewh.mongodb.net:27017', tagSet=TagSet{[Tag{name='provider', value='AWS'}, Tag{name='nodeType', value='ELECTABLE'}, Tag{name='region', value='US_EAST_1'}]}, electionId=7fffffff0000000000000002, setVersion=2, lastWriteDate=Sun Apr 26 02:39:43 IST 2020, lastUpdateTimeNanos=6291972305475}
]]></system-out>
  </testcase>
  <testcase name="testLogout" classname="mflix.api.daos.UserTest" time="1.723">
    <failure message="Should have deleted user from sessions collection - check your logout method" type="java.lang.AssertionError">java.lang.AssertionError: Should have deleted user from sessions collection - check your logout method
	at mflix.api.daos.UserTest.testLogout(UserTest.java:97)
</failure>
  </testcase>
</testsuite>